
2018-08-28 18:58:25
[INFO]-[Thread: main]-[org.eclipse.jetty.server.Server.doStart()]: jetty-8.1.8.v20121106

2018-08-28 18:58:26
[INFO]-[Thread: main]-[org.eclipse.jetty.webapp.StandardDescriptorProcessor.visitServlet()]: NO JSP Support for /, did not find org.apache.jasper.servlet.JspServlet

2018-08-28 18:58:26
[INFO]-[Thread: main]-[org.eclipse.jetty.server.handler.ContextHandler.callContextInitialized()]: started o.e.j.w.WebAppContext{/,file:/F:/项目/ht_nfs_service/src/main/webapp/}

2018-08-28 18:58:26
[INFO]-[Thread: main]-[org.eclipse.jetty.server.handler.ContextHandler.callContextInitialized()]: started o.e.j.w.WebAppContext{/,file:/F:/项目/ht_nfs_service/src/main/webapp/}

2018-08-28 18:58:44
[INFO]-[Thread: main]-[com.alibaba.druid.pool.DruidDataSource.init()]: {dataSource-1} inited

2018-08-28 18:58:45
[WARN]-[Thread: main]-[org.eclipse.jetty.util.component.AbstractLifeCycle.setFailed()]: FAILED jfinal: java.lang.NoClassDefFoundError: org/apache/commons/pool2/impl/GenericObjectPoolConfig
java.lang.NoClassDefFoundError: org/apache/commons/pool2/impl/GenericObjectPoolConfig
	at com.ht.nfs.common.HtNfsServiceConfig.afterJFinalStart(HtNfsServiceConfig.java:136)
	at com.jfinal.core.JFinalFilter.init(JFinalFilter.java:56)
	at org.eclipse.jetty.servlet.FilterHolder.doStart(FilterHolder.java:119)
	at org.eclipse.jetty.util.component.AbstractLifeCycle.start(AbstractLifeCycle.java:64)
	at org.eclipse.jetty.servlet.ServletHandler.initialize(ServletHandler.java:724)
	at org.eclipse.jetty.servlet.ServletContextHandler.startContext(ServletContextHandler.java:265)
	at org.eclipse.jetty.webapp.WebAppContext.startContext(WebAppContext.java:1250)
	at org.eclipse.jetty.server.handler.ContextHandler.doStart(ContextHandler.java:706)
	at org.eclipse.jetty.webapp.WebAppContext.doStart(WebAppContext.java:492)
	at org.eclipse.jetty.util.component.AbstractLifeCycle.start(AbstractLifeCycle.java:64)
	at org.eclipse.jetty.server.handler.HandlerWrapper.doStart(HandlerWrapper.java:95)
	at org.eclipse.jetty.server.Server.doStart(Server.java:277)
	at org.eclipse.jetty.util.component.AbstractLifeCycle.start(AbstractLifeCycle.java:64)
	at com.jfinal.server.JettyServerForIDEA.doStart(JettyServerForIDEA.java:133)
	at com.jfinal.server.JettyServerForIDEA.start(JettyServerForIDEA.java:72)
	at com.jfinal.core.JFinal.start(JFinal.java:169)
	at com.ht.nfs.common.HtNfsServiceConfig.main(HtNfsServiceConfig.java:38)
Caused by: java.lang.ClassNotFoundException: org.apache.commons.pool2.impl.GenericObjectPoolConfig
	at java.net.URLClassLoader.findClass(URLClassLoader.java:381)
	at java.lang.ClassLoader.loadClass(ClassLoader.java:424)
	at sun.misc.Launcher$AppClassLoader.loadClass(Launcher.java:335)
	at java.lang.ClassLoader.loadClass(ClassLoader.java:357)
	... 17 more

2018-08-28 18:58:45
[WARN]-[Thread: main]-[org.eclipse.jetty.util.component.AbstractLifeCycle.setFailed()]: FAILED o.e.j.w.WebAppContext{/,file:/F:/项目/ht_nfs_service/src/main/webapp/}: java.lang.NoClassDefFoundError: org/apache/commons/pool2/impl/GenericObjectPoolConfig
java.lang.NoClassDefFoundError: org/apache/commons/pool2/impl/GenericObjectPoolConfig
	at com.ht.nfs.common.HtNfsServiceConfig.afterJFinalStart(HtNfsServiceConfig.java:136)
	at com.jfinal.core.JFinalFilter.init(JFinalFilter.java:56)
	at org.eclipse.jetty.servlet.FilterHolder.doStart(FilterHolder.java:119)
	at org.eclipse.jetty.util.component.AbstractLifeCycle.start(AbstractLifeCycle.java:64)
	at org.eclipse.jetty.servlet.ServletHandler.initialize(ServletHandler.java:724)
	at org.eclipse.jetty.servlet.ServletContextHandler.startContext(ServletContextHandler.java:265)
	at org.eclipse.jetty.webapp.WebAppContext.startContext(WebAppContext.java:1250)
	at org.eclipse.jetty.server.handler.ContextHandler.doStart(ContextHandler.java:706)
	at org.eclipse.jetty.webapp.WebAppContext.doStart(WebAppContext.java:492)
	at org.eclipse.jetty.util.component.AbstractLifeCycle.start(AbstractLifeCycle.java:64)
	at org.eclipse.jetty.server.handler.HandlerWrapper.doStart(HandlerWrapper.java:95)
	at org.eclipse.jetty.server.Server.doStart(Server.java:277)
	at org.eclipse.jetty.util.component.AbstractLifeCycle.start(AbstractLifeCycle.java:64)
	at com.jfinal.server.JettyServerForIDEA.doStart(JettyServerForIDEA.java:133)
	at com.jfinal.server.JettyServerForIDEA.start(JettyServerForIDEA.java:72)
	at com.jfinal.core.JFinal.start(JFinal.java:169)
	at com.ht.nfs.common.HtNfsServiceConfig.main(HtNfsServiceConfig.java:38)
Caused by: java.lang.ClassNotFoundException: org.apache.commons.pool2.impl.GenericObjectPoolConfig
	at java.net.URLClassLoader.findClass(URLClassLoader.java:381)
	at java.lang.ClassLoader.loadClass(ClassLoader.java:424)
	at sun.misc.Launcher$AppClassLoader.loadClass(Launcher.java:335)
	at java.lang.ClassLoader.loadClass(ClassLoader.java:357)
	... 17 more

2018-08-28 18:58:45
[WARN]-[Thread: main]-[org.eclipse.jetty.util.component.AbstractLifeCycle.setFailed()]: FAILED org.eclipse.jetty.server.Server@6d07a63d: java.lang.NoClassDefFoundError: org/apache/commons/pool2/impl/GenericObjectPoolConfig
java.lang.NoClassDefFoundError: org/apache/commons/pool2/impl/GenericObjectPoolConfig
	at com.ht.nfs.common.HtNfsServiceConfig.afterJFinalStart(HtNfsServiceConfig.java:136)
	at com.jfinal.core.JFinalFilter.init(JFinalFilter.java:56)
	at org.eclipse.jetty.servlet.FilterHolder.doStart(FilterHolder.java:119)
	at org.eclipse.jetty.util.component.AbstractLifeCycle.start(AbstractLifeCycle.java:64)
	at org.eclipse.jetty.servlet.ServletHandler.initialize(ServletHandler.java:724)
	at org.eclipse.jetty.servlet.ServletContextHandler.startContext(ServletContextHandler.java:265)
	at org.eclipse.jetty.webapp.WebAppContext.startContext(WebAppContext.java:1250)
	at org.eclipse.jetty.server.handler.ContextHandler.doStart(ContextHandler.java:706)
	at org.eclipse.jetty.webapp.WebAppContext.doStart(WebAppContext.java:492)
	at org.eclipse.jetty.util.component.AbstractLifeCycle.start(AbstractLifeCycle.java:64)
	at org.eclipse.jetty.server.handler.HandlerWrapper.doStart(HandlerWrapper.java:95)
	at org.eclipse.jetty.server.Server.doStart(Server.java:277)
	at org.eclipse.jetty.util.component.AbstractLifeCycle.start(AbstractLifeCycle.java:64)
	at com.jfinal.server.JettyServerForIDEA.doStart(JettyServerForIDEA.java:133)
	at com.jfinal.server.JettyServerForIDEA.start(JettyServerForIDEA.java:72)
	at com.jfinal.core.JFinal.start(JFinal.java:169)
	at com.ht.nfs.common.HtNfsServiceConfig.main(HtNfsServiceConfig.java:38)
Caused by: java.lang.ClassNotFoundException: org.apache.commons.pool2.impl.GenericObjectPoolConfig
	at java.net.URLClassLoader.findClass(URLClassLoader.java:381)
	at java.lang.ClassLoader.loadClass(ClassLoader.java:424)
	at sun.misc.Launcher$AppClassLoader.loadClass(Launcher.java:335)
	at java.lang.ClassLoader.loadClass(ClassLoader.java:357)
	... 17 more

2018-08-28 19:00:08
[INFO]-[Thread: main]-[org.eclipse.jetty.server.Server.doStart()]: jetty-8.1.8.v20121106

2018-08-28 19:00:08
[INFO]-[Thread: main]-[org.eclipse.jetty.webapp.StandardDescriptorProcessor.visitServlet()]: NO JSP Support for /, did not find org.apache.jasper.servlet.JspServlet

2018-08-28 19:00:08
[INFO]-[Thread: main]-[org.eclipse.jetty.server.handler.ContextHandler.callContextInitialized()]: started o.e.j.w.WebAppContext{/,file:/F:/项目/ht_nfs_service/src/main/webapp/}

2018-08-28 19:00:08
[INFO]-[Thread: main]-[org.eclipse.jetty.server.handler.ContextHandler.callContextInitialized()]: started o.e.j.w.WebAppContext{/,file:/F:/项目/ht_nfs_service/src/main/webapp/}

2018-08-28 19:00:19
[ERROR]-[Thread: main]-[com.alibaba.druid.pool.DruidDataSource.init()]: init datasource error, url: jdbc:mysql://192.168.20.88:3306/ht_nfs?characterEncoding=utf8&zeroDateTimeBehavior=convertToNull&useSSL=false
java.sql.SQLException: ResultSet is from UPDATE. No Data.
	at com.mysql.jdbc.SQLError.createSQLException(SQLError.java:1073)
	at com.mysql.jdbc.SQLError.createSQLException(SQLError.java:987)
	at com.mysql.jdbc.SQLError.createSQLException(SQLError.java:982)
	at com.mysql.jdbc.SQLError.createSQLException(SQLError.java:927)
	at com.mysql.jdbc.ResultSetImpl.next(ResultSetImpl.java:6870)
	at com.mysql.jdbc.ConnectionImpl.getTransactionIsolation(ConnectionImpl.java:3215)
	at com.alibaba.druid.pool.DruidConnectionHolder.<init>(DruidConnectionHolder.java:145)
	at com.alibaba.druid.pool.DruidConnectionHolder.<init>(DruidConnectionHolder.java:83)
	at com.alibaba.druid.pool.DruidDataSource.init(DruidDataSource.java:735)
	at com.alibaba.druid.pool.DruidDataSource.getConnection(DruidDataSource.java:1060)
	at com.alibaba.druid.pool.DruidDataSource.getConnection(DruidDataSource.java:1056)
	at com.alibaba.druid.pool.DruidDataSource.getConnection(DruidDataSource.java:104)
	at com.jfinal.plugin.activerecord.TableBuilder.build(TableBuilder.java:43)
	at com.jfinal.plugin.activerecord.ActiveRecordPlugin.start(ActiveRecordPlugin.java:226)
	at com.jfinal.core.Config.startPlugins(Config.java:107)
	at com.jfinal.core.Config.configJFinal(Config.java:53)
	at com.jfinal.core.JFinal.init(JFinal.java:63)
	at com.jfinal.core.JFinalFilter.init(JFinalFilter.java:49)
	at org.eclipse.jetty.servlet.FilterHolder.doStart(FilterHolder.java:119)
	at org.eclipse.jetty.util.component.AbstractLifeCycle.start(AbstractLifeCycle.java:64)
	at org.eclipse.jetty.servlet.ServletHandler.initialize(ServletHandler.java:724)
	at org.eclipse.jetty.servlet.ServletContextHandler.startContext(ServletContextHandler.java:265)
	at org.eclipse.jetty.webapp.WebAppContext.startContext(WebAppContext.java:1250)
	at org.eclipse.jetty.server.handler.ContextHandler.doStart(ContextHandler.java:706)
	at org.eclipse.jetty.webapp.WebAppContext.doStart(WebAppContext.java:492)
	at org.eclipse.jetty.util.component.AbstractLifeCycle.start(AbstractLifeCycle.java:64)
	at org.eclipse.jetty.server.handler.HandlerWrapper.doStart(HandlerWrapper.java:95)
	at org.eclipse.jetty.server.Server.doStart(Server.java:277)
	at org.eclipse.jetty.util.component.AbstractLifeCycle.start(AbstractLifeCycle.java:64)
	at com.jfinal.server.JettyServerForIDEA.doStart(JettyServerForIDEA.java:133)
	at com.jfinal.server.JettyServerForIDEA.start(JettyServerForIDEA.java:72)
	at com.jfinal.core.JFinal.start(JFinal.java:169)
	at com.ht.nfs.common.HtNfsServiceConfig.main(HtNfsServiceConfig.java:38)

2018-08-28 19:00:19
[INFO]-[Thread: main]-[com.alibaba.druid.pool.DruidDataSource.init()]: {dataSource-1} inited

2018-08-28 19:00:19
[WARN]-[Thread: main]-[org.eclipse.jetty.util.component.AbstractLifeCycle.setFailed()]: FAILED jfinal: java.lang.NoClassDefFoundError: org/apache/commons/pool2/impl/GenericObjectPoolConfig
java.lang.NoClassDefFoundError: org/apache/commons/pool2/impl/GenericObjectPoolConfig
	at com.ht.nfs.common.HtNfsServiceConfig.afterJFinalStart(HtNfsServiceConfig.java:136)
	at com.jfinal.core.JFinalFilter.init(JFinalFilter.java:56)
	at org.eclipse.jetty.servlet.FilterHolder.doStart(FilterHolder.java:119)
	at org.eclipse.jetty.util.component.AbstractLifeCycle.start(AbstractLifeCycle.java:64)
	at org.eclipse.jetty.servlet.ServletHandler.initialize(ServletHandler.java:724)
	at org.eclipse.jetty.servlet.ServletContextHandler.startContext(ServletContextHandler.java:265)
	at org.eclipse.jetty.webapp.WebAppContext.startContext(WebAppContext.java:1250)
	at org.eclipse.jetty.server.handler.ContextHandler.doStart(ContextHandler.java:706)
	at org.eclipse.jetty.webapp.WebAppContext.doStart(WebAppContext.java:492)
	at org.eclipse.jetty.util.component.AbstractLifeCycle.start(AbstractLifeCycle.java:64)
	at org.eclipse.jetty.server.handler.HandlerWrapper.doStart(HandlerWrapper.java:95)
	at org.eclipse.jetty.server.Server.doStart(Server.java:277)
	at org.eclipse.jetty.util.component.AbstractLifeCycle.start(AbstractLifeCycle.java:64)
	at com.jfinal.server.JettyServerForIDEA.doStart(JettyServerForIDEA.java:133)
	at com.jfinal.server.JettyServerForIDEA.start(JettyServerForIDEA.java:72)
	at com.jfinal.core.JFinal.start(JFinal.java:169)
	at com.ht.nfs.common.HtNfsServiceConfig.main(HtNfsServiceConfig.java:38)
Caused by: java.lang.ClassNotFoundException: org.apache.commons.pool2.impl.GenericObjectPoolConfig
	at java.net.URLClassLoader.findClass(URLClassLoader.java:381)
	at java.lang.ClassLoader.loadClass(ClassLoader.java:424)
	at sun.misc.Launcher$AppClassLoader.loadClass(Launcher.java:335)
	at java.lang.ClassLoader.loadClass(ClassLoader.java:357)
	... 17 more

2018-08-28 19:00:19
[WARN]-[Thread: main]-[org.eclipse.jetty.util.component.AbstractLifeCycle.setFailed()]: FAILED o.e.j.w.WebAppContext{/,file:/F:/项目/ht_nfs_service/src/main/webapp/}: java.lang.NoClassDefFoundError: org/apache/commons/pool2/impl/GenericObjectPoolConfig
java.lang.NoClassDefFoundError: org/apache/commons/pool2/impl/GenericObjectPoolConfig
	at com.ht.nfs.common.HtNfsServiceConfig.afterJFinalStart(HtNfsServiceConfig.java:136)
	at com.jfinal.core.JFinalFilter.init(JFinalFilter.java:56)
	at org.eclipse.jetty.servlet.FilterHolder.doStart(FilterHolder.java:119)
	at org.eclipse.jetty.util.component.AbstractLifeCycle.start(AbstractLifeCycle.java:64)
	at org.eclipse.jetty.servlet.ServletHandler.initialize(ServletHandler.java:724)
	at org.eclipse.jetty.servlet.ServletContextHandler.startContext(ServletContextHandler.java:265)
	at org.eclipse.jetty.webapp.WebAppContext.startContext(WebAppContext.java:1250)
	at org.eclipse.jetty.server.handler.ContextHandler.doStart(ContextHandler.java:706)
	at org.eclipse.jetty.webapp.WebAppContext.doStart(WebAppContext.java:492)
	at org.eclipse.jetty.util.component.AbstractLifeCycle.start(AbstractLifeCycle.java:64)
	at org.eclipse.jetty.server.handler.HandlerWrapper.doStart(HandlerWrapper.java:95)
	at org.eclipse.jetty.server.Server.doStart(Server.java:277)
	at org.eclipse.jetty.util.component.AbstractLifeCycle.start(AbstractLifeCycle.java:64)
	at com.jfinal.server.JettyServerForIDEA.doStart(JettyServerForIDEA.java:133)
	at com.jfinal.server.JettyServerForIDEA.start(JettyServerForIDEA.java:72)
	at com.jfinal.core.JFinal.start(JFinal.java:169)
	at com.ht.nfs.common.HtNfsServiceConfig.main(HtNfsServiceConfig.java:38)
Caused by: java.lang.ClassNotFoundException: org.apache.commons.pool2.impl.GenericObjectPoolConfig
	at java.net.URLClassLoader.findClass(URLClassLoader.java:381)
	at java.lang.ClassLoader.loadClass(ClassLoader.java:424)
	at sun.misc.Launcher$AppClassLoader.loadClass(Launcher.java:335)
	at java.lang.ClassLoader.loadClass(ClassLoader.java:357)
	... 17 more

2018-08-28 19:00:19
[WARN]-[Thread: main]-[org.eclipse.jetty.util.component.AbstractLifeCycle.setFailed()]: FAILED org.eclipse.jetty.server.Server@7f2cfe3f: java.lang.NoClassDefFoundError: org/apache/commons/pool2/impl/GenericObjectPoolConfig
java.lang.NoClassDefFoundError: org/apache/commons/pool2/impl/GenericObjectPoolConfig
	at com.ht.nfs.common.HtNfsServiceConfig.afterJFinalStart(HtNfsServiceConfig.java:136)
	at com.jfinal.core.JFinalFilter.init(JFinalFilter.java:56)
	at org.eclipse.jetty.servlet.FilterHolder.doStart(FilterHolder.java:119)
	at org.eclipse.jetty.util.component.AbstractLifeCycle.start(AbstractLifeCycle.java:64)
	at org.eclipse.jetty.servlet.ServletHandler.initialize(ServletHandler.java:724)
	at org.eclipse.jetty.servlet.ServletContextHandler.startContext(ServletContextHandler.java:265)
	at org.eclipse.jetty.webapp.WebAppContext.startContext(WebAppContext.java:1250)
	at org.eclipse.jetty.server.handler.ContextHandler.doStart(ContextHandler.java:706)
	at org.eclipse.jetty.webapp.WebAppContext.doStart(WebAppContext.java:492)
	at org.eclipse.jetty.util.component.AbstractLifeCycle.start(AbstractLifeCycle.java:64)
	at org.eclipse.jetty.server.handler.HandlerWrapper.doStart(HandlerWrapper.java:95)
	at org.eclipse.jetty.server.Server.doStart(Server.java:277)
	at org.eclipse.jetty.util.component.AbstractLifeCycle.start(AbstractLifeCycle.java:64)
	at com.jfinal.server.JettyServerForIDEA.doStart(JettyServerForIDEA.java:133)
	at com.jfinal.server.JettyServerForIDEA.start(JettyServerForIDEA.java:72)
	at com.jfinal.core.JFinal.start(JFinal.java:169)
	at com.ht.nfs.common.HtNfsServiceConfig.main(HtNfsServiceConfig.java:38)
Caused by: java.lang.ClassNotFoundException: org.apache.commons.pool2.impl.GenericObjectPoolConfig
	at java.net.URLClassLoader.findClass(URLClassLoader.java:381)
	at java.lang.ClassLoader.loadClass(ClassLoader.java:424)
	at sun.misc.Launcher$AppClassLoader.loadClass(Launcher.java:335)
	at java.lang.ClassLoader.loadClass(ClassLoader.java:357)
	... 17 more

2018-08-28 19:01:13
[INFO]-[Thread: main]-[org.eclipse.jetty.server.Server.doStart()]: jetty-8.1.8.v20121106

2018-08-28 19:01:13
[INFO]-[Thread: main]-[org.eclipse.jetty.webapp.StandardDescriptorProcessor.visitServlet()]: NO JSP Support for /, did not find org.apache.jasper.servlet.JspServlet

2018-08-28 19:01:13
[INFO]-[Thread: main]-[org.eclipse.jetty.server.handler.ContextHandler.callContextInitialized()]: started o.e.j.w.WebAppContext{/,file:/F:/项目/ht_nfs_service/src/main/webapp/}

2018-08-28 19:01:13
[INFO]-[Thread: main]-[org.eclipse.jetty.server.handler.ContextHandler.callContextInitialized()]: started o.e.j.w.WebAppContext{/,file:/F:/项目/ht_nfs_service/src/main/webapp/}

2018-08-28 19:01:13
[INFO]-[Thread: main]-[com.alibaba.druid.pool.DruidDataSource.init()]: {dataSource-1} inited

2018-08-28 19:01:13
[WARN]-[Thread: main]-[org.eclipse.jetty.util.component.AbstractLifeCycle.setFailed()]: FAILED jfinal: java.lang.NoClassDefFoundError: org/apache/commons/pool2/impl/GenericObjectPoolConfig
java.lang.NoClassDefFoundError: org/apache/commons/pool2/impl/GenericObjectPoolConfig
	at com.ht.nfs.common.HtNfsServiceConfig.afterJFinalStart(HtNfsServiceConfig.java:136)
	at com.jfinal.core.JFinalFilter.init(JFinalFilter.java:56)
	at org.eclipse.jetty.servlet.FilterHolder.doStart(FilterHolder.java:119)
	at org.eclipse.jetty.util.component.AbstractLifeCycle.start(AbstractLifeCycle.java:64)
	at org.eclipse.jetty.servlet.ServletHandler.initialize(ServletHandler.java:724)
	at org.eclipse.jetty.servlet.ServletContextHandler.startContext(ServletContextHandler.java:265)
	at org.eclipse.jetty.webapp.WebAppContext.startContext(WebAppContext.java:1250)
	at org.eclipse.jetty.server.handler.ContextHandler.doStart(ContextHandler.java:706)
	at org.eclipse.jetty.webapp.WebAppContext.doStart(WebAppContext.java:492)
	at org.eclipse.jetty.util.component.AbstractLifeCycle.start(AbstractLifeCycle.java:64)
	at org.eclipse.jetty.server.handler.HandlerWrapper.doStart(HandlerWrapper.java:95)
	at org.eclipse.jetty.server.Server.doStart(Server.java:277)
	at org.eclipse.jetty.util.component.AbstractLifeCycle.start(AbstractLifeCycle.java:64)
	at com.jfinal.server.JettyServerForIDEA.doStart(JettyServerForIDEA.java:133)
	at com.jfinal.server.JettyServerForIDEA.start(JettyServerForIDEA.java:72)
	at com.jfinal.core.JFinal.start(JFinal.java:169)
	at com.ht.nfs.common.HtNfsServiceConfig.main(HtNfsServiceConfig.java:38)
Caused by: java.lang.ClassNotFoundException: org.apache.commons.pool2.impl.GenericObjectPoolConfig
	at java.net.URLClassLoader.findClass(URLClassLoader.java:381)
	at java.lang.ClassLoader.loadClass(ClassLoader.java:424)
	at sun.misc.Launcher$AppClassLoader.loadClass(Launcher.java:335)
	at java.lang.ClassLoader.loadClass(ClassLoader.java:357)
	... 17 more

2018-08-28 19:01:13
[WARN]-[Thread: main]-[org.eclipse.jetty.util.component.AbstractLifeCycle.setFailed()]: FAILED o.e.j.w.WebAppContext{/,file:/F:/项目/ht_nfs_service/src/main/webapp/}: java.lang.NoClassDefFoundError: org/apache/commons/pool2/impl/GenericObjectPoolConfig
java.lang.NoClassDefFoundError: org/apache/commons/pool2/impl/GenericObjectPoolConfig
	at com.ht.nfs.common.HtNfsServiceConfig.afterJFinalStart(HtNfsServiceConfig.java:136)
	at com.jfinal.core.JFinalFilter.init(JFinalFilter.java:56)
	at org.eclipse.jetty.servlet.FilterHolder.doStart(FilterHolder.java:119)
	at org.eclipse.jetty.util.component.AbstractLifeCycle.start(AbstractLifeCycle.java:64)
	at org.eclipse.jetty.servlet.ServletHandler.initialize(ServletHandler.java:724)
	at org.eclipse.jetty.servlet.ServletContextHandler.startContext(ServletContextHandler.java:265)
	at org.eclipse.jetty.webapp.WebAppContext.startContext(WebAppContext.java:1250)
	at org.eclipse.jetty.server.handler.ContextHandler.doStart(ContextHandler.java:706)
	at org.eclipse.jetty.webapp.WebAppContext.doStart(WebAppContext.java:492)
	at org.eclipse.jetty.util.component.AbstractLifeCycle.start(AbstractLifeCycle.java:64)
	at org.eclipse.jetty.server.handler.HandlerWrapper.doStart(HandlerWrapper.java:95)
	at org.eclipse.jetty.server.Server.doStart(Server.java:277)
	at org.eclipse.jetty.util.component.AbstractLifeCycle.start(AbstractLifeCycle.java:64)
	at com.jfinal.server.JettyServerForIDEA.doStart(JettyServerForIDEA.java:133)
	at com.jfinal.server.JettyServerForIDEA.start(JettyServerForIDEA.java:72)
	at com.jfinal.core.JFinal.start(JFinal.java:169)
	at com.ht.nfs.common.HtNfsServiceConfig.main(HtNfsServiceConfig.java:38)
Caused by: java.lang.ClassNotFoundException: org.apache.commons.pool2.impl.GenericObjectPoolConfig
	at java.net.URLClassLoader.findClass(URLClassLoader.java:381)
	at java.lang.ClassLoader.loadClass(ClassLoader.java:424)
	at sun.misc.Launcher$AppClassLoader.loadClass(Launcher.java:335)
	at java.lang.ClassLoader.loadClass(ClassLoader.java:357)
	... 17 more

2018-08-28 19:01:13
[WARN]-[Thread: main]-[org.eclipse.jetty.util.component.AbstractLifeCycle.setFailed()]: FAILED org.eclipse.jetty.server.Server@41005828: java.lang.NoClassDefFoundError: org/apache/commons/pool2/impl/GenericObjectPoolConfig
java.lang.NoClassDefFoundError: org/apache/commons/pool2/impl/GenericObjectPoolConfig
	at com.ht.nfs.common.HtNfsServiceConfig.afterJFinalStart(HtNfsServiceConfig.java:136)
	at com.jfinal.core.JFinalFilter.init(JFinalFilter.java:56)
	at org.eclipse.jetty.servlet.FilterHolder.doStart(FilterHolder.java:119)
	at org.eclipse.jetty.util.component.AbstractLifeCycle.start(AbstractLifeCycle.java:64)
	at org.eclipse.jetty.servlet.ServletHandler.initialize(ServletHandler.java:724)
	at org.eclipse.jetty.servlet.ServletContextHandler.startContext(ServletContextHandler.java:265)
	at org.eclipse.jetty.webapp.WebAppContext.startContext(WebAppContext.java:1250)
	at org.eclipse.jetty.server.handler.ContextHandler.doStart(ContextHandler.java:706)
	at org.eclipse.jetty.webapp.WebAppContext.doStart(WebAppContext.java:492)
	at org.eclipse.jetty.util.component.AbstractLifeCycle.start(AbstractLifeCycle.java:64)
	at org.eclipse.jetty.server.handler.HandlerWrapper.doStart(HandlerWrapper.java:95)
	at org.eclipse.jetty.server.Server.doStart(Server.java:277)
	at org.eclipse.jetty.util.component.AbstractLifeCycle.start(AbstractLifeCycle.java:64)
	at com.jfinal.server.JettyServerForIDEA.doStart(JettyServerForIDEA.java:133)
	at com.jfinal.server.JettyServerForIDEA.start(JettyServerForIDEA.java:72)
	at com.jfinal.core.JFinal.start(JFinal.java:169)
	at com.ht.nfs.common.HtNfsServiceConfig.main(HtNfsServiceConfig.java:38)
Caused by: java.lang.ClassNotFoundException: org.apache.commons.pool2.impl.GenericObjectPoolConfig
	at java.net.URLClassLoader.findClass(URLClassLoader.java:381)
	at java.lang.ClassLoader.loadClass(ClassLoader.java:424)
	at sun.misc.Launcher$AppClassLoader.loadClass(Launcher.java:335)
	at java.lang.ClassLoader.loadClass(ClassLoader.java:357)
	... 17 more

2018-08-28 19:02:43
[INFO]-[Thread: main]-[org.eclipse.jetty.server.Server.doStart()]: jetty-8.1.8.v20121106

2018-08-28 19:02:43
[INFO]-[Thread: main]-[org.eclipse.jetty.webapp.StandardDescriptorProcessor.visitServlet()]: NO JSP Support for /, did not find org.apache.jasper.servlet.JspServlet

2018-08-28 19:02:43
[INFO]-[Thread: main]-[org.eclipse.jetty.server.handler.ContextHandler.callContextInitialized()]: started o.e.j.w.WebAppContext{/,file:/F:/项目/ht_nfs_service/src/main/webapp/}

2018-08-28 19:02:43
[INFO]-[Thread: main]-[org.eclipse.jetty.server.handler.ContextHandler.callContextInitialized()]: started o.e.j.w.WebAppContext{/,file:/F:/项目/ht_nfs_service/src/main/webapp/}

2018-08-28 19:02:44
[INFO]-[Thread: main]-[com.alibaba.druid.pool.DruidDataSource.init()]: {dataSource-1} inited

2018-08-28 19:02:44
[WARN]-[Thread: main]-[org.eclipse.jetty.util.component.AbstractLifeCycle.setFailed()]: FAILED jfinal: java.lang.NoClassDefFoundError: org/apache/commons/pool2/impl/GenericObjectPoolConfig
java.lang.NoClassDefFoundError: org/apache/commons/pool2/impl/GenericObjectPoolConfig
	at com.ht.nfs.common.HtNfsServiceConfig.afterJFinalStart(HtNfsServiceConfig.java:136)
	at com.jfinal.core.JFinalFilter.init(JFinalFilter.java:56)
	at org.eclipse.jetty.servlet.FilterHolder.doStart(FilterHolder.java:119)
	at org.eclipse.jetty.util.component.AbstractLifeCycle.start(AbstractLifeCycle.java:64)
	at org.eclipse.jetty.servlet.ServletHandler.initialize(ServletHandler.java:724)
	at org.eclipse.jetty.servlet.ServletContextHandler.startContext(ServletContextHandler.java:265)
	at org.eclipse.jetty.webapp.WebAppContext.startContext(WebAppContext.java:1250)
	at org.eclipse.jetty.server.handler.ContextHandler.doStart(ContextHandler.java:706)
	at org.eclipse.jetty.webapp.WebAppContext.doStart(WebAppContext.java:492)
	at org.eclipse.jetty.util.component.AbstractLifeCycle.start(AbstractLifeCycle.java:64)
	at org.eclipse.jetty.server.handler.HandlerWrapper.doStart(HandlerWrapper.java:95)
	at org.eclipse.jetty.server.Server.doStart(Server.java:277)
	at org.eclipse.jetty.util.component.AbstractLifeCycle.start(AbstractLifeCycle.java:64)
	at com.jfinal.server.JettyServerForIDEA.doStart(JettyServerForIDEA.java:133)
	at com.jfinal.server.JettyServerForIDEA.start(JettyServerForIDEA.java:72)
	at com.jfinal.core.JFinal.start(JFinal.java:169)
	at com.ht.nfs.common.HtNfsServiceConfig.main(HtNfsServiceConfig.java:38)
Caused by: java.lang.ClassNotFoundException: org.apache.commons.pool2.impl.GenericObjectPoolConfig
	at java.net.URLClassLoader.findClass(URLClassLoader.java:381)
	at java.lang.ClassLoader.loadClass(ClassLoader.java:424)
	at sun.misc.Launcher$AppClassLoader.loadClass(Launcher.java:335)
	at java.lang.ClassLoader.loadClass(ClassLoader.java:357)
	... 17 more

2018-08-28 19:02:44
[WARN]-[Thread: main]-[org.eclipse.jetty.util.component.AbstractLifeCycle.setFailed()]: FAILED o.e.j.w.WebAppContext{/,file:/F:/项目/ht_nfs_service/src/main/webapp/}: java.lang.NoClassDefFoundError: org/apache/commons/pool2/impl/GenericObjectPoolConfig
java.lang.NoClassDefFoundError: org/apache/commons/pool2/impl/GenericObjectPoolConfig
	at com.ht.nfs.common.HtNfsServiceConfig.afterJFinalStart(HtNfsServiceConfig.java:136)
	at com.jfinal.core.JFinalFilter.init(JFinalFilter.java:56)
	at org.eclipse.jetty.servlet.FilterHolder.doStart(FilterHolder.java:119)
	at org.eclipse.jetty.util.component.AbstractLifeCycle.start(AbstractLifeCycle.java:64)
	at org.eclipse.jetty.servlet.ServletHandler.initialize(ServletHandler.java:724)
	at org.eclipse.jetty.servlet.ServletContextHandler.startContext(ServletContextHandler.java:265)
	at org.eclipse.jetty.webapp.WebAppContext.startContext(WebAppContext.java:1250)
	at org.eclipse.jetty.server.handler.ContextHandler.doStart(ContextHandler.java:706)
	at org.eclipse.jetty.webapp.WebAppContext.doStart(WebAppContext.java:492)
	at org.eclipse.jetty.util.component.AbstractLifeCycle.start(AbstractLifeCycle.java:64)
	at org.eclipse.jetty.server.handler.HandlerWrapper.doStart(HandlerWrapper.java:95)
	at org.eclipse.jetty.server.Server.doStart(Server.java:277)
	at org.eclipse.jetty.util.component.AbstractLifeCycle.start(AbstractLifeCycle.java:64)
	at com.jfinal.server.JettyServerForIDEA.doStart(JettyServerForIDEA.java:133)
	at com.jfinal.server.JettyServerForIDEA.start(JettyServerForIDEA.java:72)
	at com.jfinal.core.JFinal.start(JFinal.java:169)
	at com.ht.nfs.common.HtNfsServiceConfig.main(HtNfsServiceConfig.java:38)
Caused by: java.lang.ClassNotFoundException: org.apache.commons.pool2.impl.GenericObjectPoolConfig
	at java.net.URLClassLoader.findClass(URLClassLoader.java:381)
	at java.lang.ClassLoader.loadClass(ClassLoader.java:424)
	at sun.misc.Launcher$AppClassLoader.loadClass(Launcher.java:335)
	at java.lang.ClassLoader.loadClass(ClassLoader.java:357)
	... 17 more

2018-08-28 19:02:44
[WARN]-[Thread: main]-[org.eclipse.jetty.util.component.AbstractLifeCycle.setFailed()]: FAILED org.eclipse.jetty.server.Server@41005828: java.lang.NoClassDefFoundError: org/apache/commons/pool2/impl/GenericObjectPoolConfig
java.lang.NoClassDefFoundError: org/apache/commons/pool2/impl/GenericObjectPoolConfig
	at com.ht.nfs.common.HtNfsServiceConfig.afterJFinalStart(HtNfsServiceConfig.java:136)
	at com.jfinal.core.JFinalFilter.init(JFinalFilter.java:56)
	at org.eclipse.jetty.servlet.FilterHolder.doStart(FilterHolder.java:119)
	at org.eclipse.jetty.util.component.AbstractLifeCycle.start(AbstractLifeCycle.java:64)
	at org.eclipse.jetty.servlet.ServletHandler.initialize(ServletHandler.java:724)
	at org.eclipse.jetty.servlet.ServletContextHandler.startContext(ServletContextHandler.java:265)
	at org.eclipse.jetty.webapp.WebAppContext.startContext(WebAppContext.java:1250)
	at org.eclipse.jetty.server.handler.ContextHandler.doStart(ContextHandler.java:706)
	at org.eclipse.jetty.webapp.WebAppContext.doStart(WebAppContext.java:492)
	at org.eclipse.jetty.util.component.AbstractLifeCycle.start(AbstractLifeCycle.java:64)
	at org.eclipse.jetty.server.handler.HandlerWrapper.doStart(HandlerWrapper.java:95)
	at org.eclipse.jetty.server.Server.doStart(Server.java:277)
	at org.eclipse.jetty.util.component.AbstractLifeCycle.start(AbstractLifeCycle.java:64)
	at com.jfinal.server.JettyServerForIDEA.doStart(JettyServerForIDEA.java:133)
	at com.jfinal.server.JettyServerForIDEA.start(JettyServerForIDEA.java:72)
	at com.jfinal.core.JFinal.start(JFinal.java:169)
	at com.ht.nfs.common.HtNfsServiceConfig.main(HtNfsServiceConfig.java:38)
Caused by: java.lang.ClassNotFoundException: org.apache.commons.pool2.impl.GenericObjectPoolConfig
	at java.net.URLClassLoader.findClass(URLClassLoader.java:381)
	at java.lang.ClassLoader.loadClass(ClassLoader.java:424)
	at sun.misc.Launcher$AppClassLoader.loadClass(Launcher.java:335)
	at java.lang.ClassLoader.loadClass(ClassLoader.java:357)
	... 17 more

2018-08-28 19:08:46
[INFO]-[Thread: main]-[org.eclipse.jetty.server.Server.doStart()]: jetty-8.1.8.v20121106

2018-08-28 19:08:47
[INFO]-[Thread: main]-[org.eclipse.jetty.webapp.StandardDescriptorProcessor.visitServlet()]: NO JSP Support for /, did not find org.apache.jasper.servlet.JspServlet

2018-08-28 19:08:47
[INFO]-[Thread: main]-[org.eclipse.jetty.server.handler.ContextHandler.callContextInitialized()]: started o.e.j.w.WebAppContext{/,file:/F:/项目/ht_nfs_service/src/main/webapp/}

2018-08-28 19:08:47
[INFO]-[Thread: main]-[org.eclipse.jetty.server.handler.ContextHandler.callContextInitialized()]: started o.e.j.w.WebAppContext{/,file:/F:/项目/ht_nfs_service/src/main/webapp/}

2018-08-28 19:08:47
[INFO]-[Thread: main]-[com.alibaba.druid.pool.DruidDataSource.init()]: {dataSource-1} inited

2018-08-28 19:08:47
[WARN]-[Thread: main]-[org.eclipse.jetty.util.component.AbstractLifeCycle.setFailed()]: FAILED jfinal: java.lang.NoClassDefFoundError: org/apache/commons/pool2/impl/GenericObjectPoolConfig
java.lang.NoClassDefFoundError: org/apache/commons/pool2/impl/GenericObjectPoolConfig
	at com.ht.nfs.common.HtNfsServiceConfig.afterJFinalStart(HtNfsServiceConfig.java:136)
	at com.jfinal.core.JFinalFilter.init(JFinalFilter.java:56)
	at org.eclipse.jetty.servlet.FilterHolder.doStart(FilterHolder.java:119)
	at org.eclipse.jetty.util.component.AbstractLifeCycle.start(AbstractLifeCycle.java:64)
	at org.eclipse.jetty.servlet.ServletHandler.initialize(ServletHandler.java:724)
	at org.eclipse.jetty.servlet.ServletContextHandler.startContext(ServletContextHandler.java:265)
	at org.eclipse.jetty.webapp.WebAppContext.startContext(WebAppContext.java:1250)
	at org.eclipse.jetty.server.handler.ContextHandler.doStart(ContextHandler.java:706)
	at org.eclipse.jetty.webapp.WebAppContext.doStart(WebAppContext.java:492)
	at org.eclipse.jetty.util.component.AbstractLifeCycle.start(AbstractLifeCycle.java:64)
	at org.eclipse.jetty.server.handler.HandlerWrapper.doStart(HandlerWrapper.java:95)
	at org.eclipse.jetty.server.Server.doStart(Server.java:277)
	at org.eclipse.jetty.util.component.AbstractLifeCycle.start(AbstractLifeCycle.java:64)
	at com.jfinal.server.JettyServerForIDEA.doStart(JettyServerForIDEA.java:133)
	at com.jfinal.server.JettyServerForIDEA.start(JettyServerForIDEA.java:72)
	at com.jfinal.core.JFinal.start(JFinal.java:169)
	at com.ht.nfs.common.HtNfsServiceConfig.main(HtNfsServiceConfig.java:38)
Caused by: java.lang.ClassNotFoundException: org.apache.commons.pool2.impl.GenericObjectPoolConfig
	at java.net.URLClassLoader.findClass(URLClassLoader.java:381)
	at java.lang.ClassLoader.loadClass(ClassLoader.java:424)
	at sun.misc.Launcher$AppClassLoader.loadClass(Launcher.java:335)
	at java.lang.ClassLoader.loadClass(ClassLoader.java:357)
	... 17 more

2018-08-28 19:08:47
[WARN]-[Thread: main]-[org.eclipse.jetty.util.component.AbstractLifeCycle.setFailed()]: FAILED o.e.j.w.WebAppContext{/,file:/F:/项目/ht_nfs_service/src/main/webapp/}: java.lang.NoClassDefFoundError: org/apache/commons/pool2/impl/GenericObjectPoolConfig
java.lang.NoClassDefFoundError: org/apache/commons/pool2/impl/GenericObjectPoolConfig
	at com.ht.nfs.common.HtNfsServiceConfig.afterJFinalStart(HtNfsServiceConfig.java:136)
	at com.jfinal.core.JFinalFilter.init(JFinalFilter.java:56)
	at org.eclipse.jetty.servlet.FilterHolder.doStart(FilterHolder.java:119)
	at org.eclipse.jetty.util.component.AbstractLifeCycle.start(AbstractLifeCycle.java:64)
	at org.eclipse.jetty.servlet.ServletHandler.initialize(ServletHandler.java:724)
	at org.eclipse.jetty.servlet.ServletContextHandler.startContext(ServletContextHandler.java:265)
	at org.eclipse.jetty.webapp.WebAppContext.startContext(WebAppContext.java:1250)
	at org.eclipse.jetty.server.handler.ContextHandler.doStart(ContextHandler.java:706)
	at org.eclipse.jetty.webapp.WebAppContext.doStart(WebAppContext.java:492)
	at org.eclipse.jetty.util.component.AbstractLifeCycle.start(AbstractLifeCycle.java:64)
	at org.eclipse.jetty.server.handler.HandlerWrapper.doStart(HandlerWrapper.java:95)
	at org.eclipse.jetty.server.Server.doStart(Server.java:277)
	at org.eclipse.jetty.util.component.AbstractLifeCycle.start(AbstractLifeCycle.java:64)
	at com.jfinal.server.JettyServerForIDEA.doStart(JettyServerForIDEA.java:133)
	at com.jfinal.server.JettyServerForIDEA.start(JettyServerForIDEA.java:72)
	at com.jfinal.core.JFinal.start(JFinal.java:169)
	at com.ht.nfs.common.HtNfsServiceConfig.main(HtNfsServiceConfig.java:38)
Caused by: java.lang.ClassNotFoundException: org.apache.commons.pool2.impl.GenericObjectPoolConfig
	at java.net.URLClassLoader.findClass(URLClassLoader.java:381)
	at java.lang.ClassLoader.loadClass(ClassLoader.java:424)
	at sun.misc.Launcher$AppClassLoader.loadClass(Launcher.java:335)
	at java.lang.ClassLoader.loadClass(ClassLoader.java:357)
	... 17 more

2018-08-28 19:08:47
[WARN]-[Thread: main]-[org.eclipse.jetty.util.component.AbstractLifeCycle.setFailed()]: FAILED org.eclipse.jetty.server.Server@41005828: java.lang.NoClassDefFoundError: org/apache/commons/pool2/impl/GenericObjectPoolConfig
java.lang.NoClassDefFoundError: org/apache/commons/pool2/impl/GenericObjectPoolConfig
	at com.ht.nfs.common.HtNfsServiceConfig.afterJFinalStart(HtNfsServiceConfig.java:136)
	at com.jfinal.core.JFinalFilter.init(JFinalFilter.java:56)
	at org.eclipse.jetty.servlet.FilterHolder.doStart(FilterHolder.java:119)
	at org.eclipse.jetty.util.component.AbstractLifeCycle.start(AbstractLifeCycle.java:64)
	at org.eclipse.jetty.servlet.ServletHandler.initialize(ServletHandler.java:724)
	at org.eclipse.jetty.servlet.ServletContextHandler.startContext(ServletContextHandler.java:265)
	at org.eclipse.jetty.webapp.WebAppContext.startContext(WebAppContext.java:1250)
	at org.eclipse.jetty.server.handler.ContextHandler.doStart(ContextHandler.java:706)
	at org.eclipse.jetty.webapp.WebAppContext.doStart(WebAppContext.java:492)
	at org.eclipse.jetty.util.component.AbstractLifeCycle.start(AbstractLifeCycle.java:64)
	at org.eclipse.jetty.server.handler.HandlerWrapper.doStart(HandlerWrapper.java:95)
	at org.eclipse.jetty.server.Server.doStart(Server.java:277)
	at org.eclipse.jetty.util.component.AbstractLifeCycle.start(AbstractLifeCycle.java:64)
	at com.jfinal.server.JettyServerForIDEA.doStart(JettyServerForIDEA.java:133)
	at com.jfinal.server.JettyServerForIDEA.start(JettyServerForIDEA.java:72)
	at com.jfinal.core.JFinal.start(JFinal.java:169)
	at com.ht.nfs.common.HtNfsServiceConfig.main(HtNfsServiceConfig.java:38)
Caused by: java.lang.ClassNotFoundException: org.apache.commons.pool2.impl.GenericObjectPoolConfig
	at java.net.URLClassLoader.findClass(URLClassLoader.java:381)
	at java.lang.ClassLoader.loadClass(ClassLoader.java:424)
	at sun.misc.Launcher$AppClassLoader.loadClass(Launcher.java:335)
	at java.lang.ClassLoader.loadClass(ClassLoader.java:357)
	... 17 more
