
2018-10-11 08:46:23
[INFO]-[Thread: main]-[org.eclipse.jetty.server.Server.doStart()]: jetty-8.1.8.v20121106

2018-10-11 08:46:24
[INFO]-[Thread: main]-[org.eclipse.jetty.webapp.StandardDescriptorProcessor.visitServlet()]: NO JSP Support for /, did not find org.apache.jasper.servlet.JspServlet

2018-10-11 08:46:24
[INFO]-[Thread: main]-[org.eclipse.jetty.server.handler.ContextHandler.callContextInitialized()]: started o.e.j.w.WebAppContext{/,file:/E:/GIT/fault/src/main/webapp/}

2018-10-11 08:46:24
[INFO]-[Thread: main]-[org.eclipse.jetty.server.handler.ContextHandler.callContextInitialized()]: started o.e.j.w.WebAppContext{/,file:/E:/GIT/fault/src/main/webapp/}

2018-10-11 08:46:26
[INFO]-[Thread: main]-[com.alibaba.druid.pool.DruidDataSource.init()]: {dataSource-1} inited

2018-10-11 08:46:28
[INFO]-[Thread: main]-[org.eclipse.jetty.server.AbstractConnector.doStart()]: Started SelectChannelConnector@0.0.0.0:8082

2018-10-11 10:14:07
[WARN]-[Thread: qtp1406311573-25]-[com.jfinal.core.ActionHandler.handle()]: 404 Action Not Found: /upload/

2018-10-11 10:14:16
[WARN]-[Thread: qtp1406311573-26]-[com.jfinal.core.ActionHandler.handle()]: 404 Action Not Found: /upload/

2018-10-11 10:14:16
[WARN]-[Thread: qtp1406311573-27]-[com.jfinal.core.ActionHandler.handle()]: 404 Action Not Found: /upload/

2018-10-11 10:14:16
[WARN]-[Thread: qtp1406311573-25]-[com.jfinal.core.ActionHandler.handle()]: 404 Action Not Found: /upload/

2018-10-11 10:14:35
[WARN]-[Thread: qtp1406311573-24]-[com.jfinal.core.ActionHandler.handle()]: 404 Action Not Found: /upload/

2018-10-11 10:19:03
[WARN]-[Thread: qtp1406311573-25]-[com.jfinal.core.ActionHandler.handle()]: 404 Action Not Found: /upload/

2018-10-11 10:19:03
[WARN]-[Thread: qtp1406311573-26]-[com.jfinal.core.ActionHandler.handle()]: 404 Action Not Found: /upload/

2018-10-11 10:19:03
[WARN]-[Thread: qtp1406311573-28]-[com.jfinal.core.ActionHandler.handle()]: 404 Action Not Found: /upload/

2018-10-11 10:27:24
[WARN]-[Thread: qtp1406311573-28]-[com.jfinal.core.ActionHandler.handle()]: 404 Action Not Found: /upload/

2018-10-11 10:37:31
[WARN]-[Thread: qtp1406311573-28]-[com.jfinal.core.ActionHandler.handle()]: 404 Action Not Found: /upload/

2018-10-11 10:37:43
[WARN]-[Thread: qtp1406311573-25]-[com.jfinal.core.ActionHandler.handle()]: 404 Action Not Found: /upload/

2018-10-11 10:37:46
[WARN]-[Thread: qtp1406311573-28]-[com.jfinal.core.ActionHandler.handle()]: 404 Action Not Found: /upload/

2018-10-11 10:37:48
[WARN]-[Thread: qtp1406311573-27]-[com.jfinal.core.ActionHandler.handle()]: 404 Action Not Found: /upload/

2018-10-11 10:37:51
[WARN]-[Thread: qtp1406311573-25]-[com.jfinal.core.ActionHandler.handle()]: 404 Action Not Found: /upload/

2018-10-11 11:02:26
[WARN]-[Thread: qtp1406311573-26]-[com.jfinal.core.ActionHandler.handle()]: 404 Action Not Found: /upload/

2018-10-11 11:15:57
[WARN]-[Thread: qtp1406311573-28]-[com.jfinal.core.ActionHandler.handle()]: 404 Action Not Found: /upload/

2018-10-11 11:16:01
[WARN]-[Thread: qtp1406311573-27]-[com.jfinal.core.ActionHandler.handle()]: 404 Action Not Found: /upload/

2018-10-11 11:16:03
[WARN]-[Thread: qtp1406311573-25]-[com.jfinal.core.ActionHandler.handle()]: 404 Action Not Found: /upload/

2018-10-11 11:16:07
[WARN]-[Thread: qtp1406311573-25]-[com.jfinal.core.ActionHandler.handle()]: 404 Action Not Found: /upload/

2018-10-11 11:16:09
[WARN]-[Thread: qtp1406311573-28]-[com.jfinal.core.ActionHandler.handle()]: 404 Action Not Found: /upload/

2018-10-11 14:35:49
[INFO]-[Thread: main]-[org.eclipse.jetty.server.Server.doStart()]: jetty-8.1.8.v20121106

2018-10-11 14:35:49
[INFO]-[Thread: main]-[org.eclipse.jetty.webapp.StandardDescriptorProcessor.visitServlet()]: NO JSP Support for /, did not find org.apache.jasper.servlet.JspServlet

2018-10-11 14:35:49
[INFO]-[Thread: main]-[org.eclipse.jetty.server.handler.ContextHandler.callContextInitialized()]: started o.e.j.w.WebAppContext{/,file:/E:/GIT/fault/src/main/webapp/}

2018-10-11 14:35:49
[INFO]-[Thread: main]-[org.eclipse.jetty.server.handler.ContextHandler.callContextInitialized()]: started o.e.j.w.WebAppContext{/,file:/E:/GIT/fault/src/main/webapp/}

2018-10-11 14:35:49
[INFO]-[Thread: main]-[com.alibaba.druid.pool.DruidDataSource.init()]: {dataSource-1} inited

2018-10-11 14:35:49
[INFO]-[Thread: main]-[org.eclipse.jetty.server.AbstractConnector.doStart()]: Started SelectChannelConnector@0.0.0.0:8082

2018-10-11 14:36:22
[WARN]-[Thread: qtp1406311573-23]-[org.eclipse.jetty.http.HttpGenerator.addContent()]: Ignoring extra content {}

2018-10-11 14:36:22
[INFO]-[Thread: qtp1406311573-24]-[com.xxl.sso.core.util.JedisUtil.getInstance()]: >>>>>>>>>>> xxl-sso, JedisUtil.ShardedJedisPool init success.

2018-10-11 14:58:59
[INFO]-[Thread: main]-[org.eclipse.jetty.server.Server.doStart()]: jetty-8.1.8.v20121106

2018-10-11 14:58:59
[INFO]-[Thread: main]-[org.eclipse.jetty.webapp.StandardDescriptorProcessor.visitServlet()]: NO JSP Support for /, did not find org.apache.jasper.servlet.JspServlet

2018-10-11 14:58:59
[INFO]-[Thread: main]-[org.eclipse.jetty.server.handler.ContextHandler.callContextInitialized()]: started o.e.j.w.WebAppContext{/,file:/E:/GIT/fault/src/main/webapp/}

2018-10-11 14:58:59
[INFO]-[Thread: main]-[org.eclipse.jetty.server.handler.ContextHandler.callContextInitialized()]: started o.e.j.w.WebAppContext{/,file:/E:/GIT/fault/src/main/webapp/}

2018-10-11 14:59:00
[INFO]-[Thread: main]-[com.alibaba.druid.pool.DruidDataSource.init()]: {dataSource-1} inited

2018-10-11 14:59:01
[INFO]-[Thread: main]-[com.alibaba.druid.pool.DruidDataSource.init()]: {dataSource-2} inited

2018-10-11 14:59:01
[INFO]-[Thread: main]-[org.eclipse.jetty.server.AbstractConnector.doStart()]: Started SelectChannelConnector@0.0.0.0:8082

2018-10-11 15:24:52
[INFO]-[Thread: main]-[org.eclipse.jetty.server.Server.doStart()]: jetty-8.1.8.v20121106

2018-10-11 15:24:52
[INFO]-[Thread: main]-[org.eclipse.jetty.webapp.StandardDescriptorProcessor.visitServlet()]: NO JSP Support for /, did not find org.apache.jasper.servlet.JspServlet

2018-10-11 15:24:52
[INFO]-[Thread: main]-[org.eclipse.jetty.server.handler.ContextHandler.callContextInitialized()]: started o.e.j.w.WebAppContext{/,file:/E:/GIT/fault/src/main/webapp/}

2018-10-11 15:24:52
[INFO]-[Thread: main]-[org.eclipse.jetty.server.handler.ContextHandler.callContextInitialized()]: started o.e.j.w.WebAppContext{/,file:/E:/GIT/fault/src/main/webapp/}

2018-10-11 15:24:53
[INFO]-[Thread: main]-[com.alibaba.druid.pool.DruidDataSource.init()]: {dataSource-1} inited

2018-10-11 15:24:54
[INFO]-[Thread: main]-[com.alibaba.druid.pool.DruidDataSource.init()]: {dataSource-2} inited

2018-10-11 15:24:54
[INFO]-[Thread: main]-[org.eclipse.jetty.server.AbstractConnector.doStart()]: Started SelectChannelConnector@0.0.0.0:8082

2018-10-11 15:24:58
[INFO]-[Thread: qtp587584511-29]-[com.xxl.sso.core.util.JedisUtil.getInstance()]: >>>>>>>>>>> xxl-sso, JedisUtil.ShardedJedisPool init success.

2018-10-11 15:25:08
[ERROR]-[Thread: qtp587584511-29]-[com.ht.fault.common.interceptor.ExceptionIntoLogInterceptor.logWrite()]: 
---Exception Log Begin---
Controller:com.ht.fault.order.ManageController
Method:goAdd
Exception Type:java.lang.IllegalArgumentException
Exception Details:
java.lang.IllegalArgumentException: Config not found by configName: oracleUrl
	at com.jfinal.plugin.activerecord.Db.use(Db.java:57)
	at com.ht.fault.order.ManageService.findBaseUser(ManageService.java:67)
	at com.ht.fault.order.ManageService$$EnhancerByCGLIB$$c9349c8d.CGLIB$findBaseUser$2(<generated>)
	at com.ht.fault.order.ManageService$$EnhancerByCGLIB$$c9349c8d$$FastClassByCGLIB$$16354604.invoke(<generated>)
	at net.sf.cglib.proxy.MethodProxy.invokeSuper(MethodProxy.java:228)
	at com.jfinal.aop.Invocation.invoke(Invocation.java:82)
	at com.jfinal.aop.Callback.intercept(Callback.java:96)
	at com.ht.fault.order.ManageService$$EnhancerByCGLIB$$c9349c8d.findBaseUser(<generated>)
	at com.ht.fault.order.ManageController.goAdd(ManageController.java:121)
	at sun.reflect.NativeMethodAccessorImpl.invoke0(Native Method)
	at sun.reflect.NativeMethodAccessorImpl.invoke(NativeMethodAccessorImpl.java:57)
	at sun.reflect.DelegatingMethodAccessorImpl.invoke(DelegatingMethodAccessorImpl.java:43)
	at java.lang.reflect.Method.invoke(Method.java:606)
	at com.jfinal.aop.Invocation.invoke(Invocation.java:73)
	at com.ht.fault.common.interceptor.ExceptionIntoLogInterceptor.intercept(ExceptionIntoLogInterceptor.java:21)
	at com.jfinal.aop.Invocation.invoke(Invocation.java:67)
	at com.ht.fault.common.interceptor.SSOInterceptor.intercept(SSOInterceptor.java:73)
	at com.jfinal.aop.Invocation.invoke(Invocation.java:67)
	at com.ht.fault.common.interceptor.BaseInterceptor.intercept(BaseInterceptor.java:16)
	at com.jfinal.aop.Invocation.invoke(Invocation.java:67)
	at com.jfinal.core.ActionHandler.handle(ActionHandler.java:74)
	at com.ht.fault.common.HtFaultServiceHandler.handle(HtFaultServiceHandler.java:23)
	at com.jfinal.core.JFinalFilter.doFilter(JFinalFilter.java:73)
	at org.eclipse.jetty.servlet.ServletHandler$CachedChain.doFilter(ServletHandler.java:1307)
	at org.eclipse.jetty.servlet.ServletHandler.doHandle(ServletHandler.java:453)
	at org.eclipse.jetty.server.handler.ScopedHandler.handle(ScopedHandler.java:137)
	at org.eclipse.jetty.security.SecurityHandler.handle(SecurityHandler.java:560)
	at org.eclipse.jetty.server.session.SessionHandler.doHandle(SessionHandler.java:231)
	at org.eclipse.jetty.server.handler.ContextHandler.doHandle(ContextHandler.java:1072)
	at org.eclipse.jetty.servlet.ServletHandler.doScope(ServletHandler.java:382)
	at org.eclipse.jetty.server.session.SessionHandler.doScope(SessionHandler.java:193)
	at org.eclipse.jetty.server.handler.ContextHandler.doScope(ContextHandler.java:1006)
	at org.eclipse.jetty.server.handler.ScopedHandler.handle(ScopedHandler.java:135)
	at org.eclipse.jetty.server.handler.HandlerWrapper.handle(HandlerWrapper.java:116)
	at org.eclipse.jetty.server.Server.handle(Server.java:365)
	at org.eclipse.jetty.server.AbstractHttpConnection.handleRequest(AbstractHttpConnection.java:485)
	at org.eclipse.jetty.server.AbstractHttpConnection.headerComplete(AbstractHttpConnection.java:926)
	at org.eclipse.jetty.server.AbstractHttpConnection$RequestHandler.headerComplete(AbstractHttpConnection.java:988)
	at org.eclipse.jetty.http.HttpParser.parseNext(HttpParser.java:635)
	at org.eclipse.jetty.http.HttpParser.parseAvailable(HttpParser.java:235)
	at org.eclipse.jetty.server.AsyncHttpConnection.handle(AsyncHttpConnection.java:82)
	at org.eclipse.jetty.io.nio.SelectChannelEndPoint.handle(SelectChannelEndPoint.java:628)
	at org.eclipse.jetty.io.nio.SelectChannelEndPoint$1.run(SelectChannelEndPoint.java:52)
	at org.eclipse.jetty.util.thread.QueuedThreadPool.runJob(QueuedThreadPool.java:608)
	at org.eclipse.jetty.util.thread.QueuedThreadPool$3.run(QueuedThreadPool.java:543)
	at java.lang.Thread.run(Thread.java:745)

2018-10-11 15:25:08
[ERROR]-[Thread: qtp587584511-29]-[com.jfinal.core.ActionHandler.handle()]: /manage/goAdd
com.jfinal.render.RenderException: java.lang.RuntimeException: File not found : E:\GIT\fault\src\main\webapp/manage/goAdd.html
	at com.jfinal.render.TemplateRender.render(TemplateRender.java:63)
	at com.jfinal.core.ActionHandler.handle(ActionHandler.java:99)
	at com.ht.fault.common.HtFaultServiceHandler.handle(HtFaultServiceHandler.java:23)
	at com.jfinal.core.JFinalFilter.doFilter(JFinalFilter.java:73)
	at org.eclipse.jetty.servlet.ServletHandler$CachedChain.doFilter(ServletHandler.java:1307)
	at org.eclipse.jetty.servlet.ServletHandler.doHandle(ServletHandler.java:453)
	at org.eclipse.jetty.server.handler.ScopedHandler.handle(ScopedHandler.java:137)
	at org.eclipse.jetty.security.SecurityHandler.handle(SecurityHandler.java:560)
	at org.eclipse.jetty.server.session.SessionHandler.doHandle(SessionHandler.java:231)
	at org.eclipse.jetty.server.handler.ContextHandler.doHandle(ContextHandler.java:1072)
	at org.eclipse.jetty.servlet.ServletHandler.doScope(ServletHandler.java:382)
	at org.eclipse.jetty.server.session.SessionHandler.doScope(SessionHandler.java:193)
	at org.eclipse.jetty.server.handler.ContextHandler.doScope(ContextHandler.java:1006)
	at org.eclipse.jetty.server.handler.ScopedHandler.handle(ScopedHandler.java:135)
	at org.eclipse.jetty.server.handler.HandlerWrapper.handle(HandlerWrapper.java:116)
	at org.eclipse.jetty.server.Server.handle(Server.java:365)
	at org.eclipse.jetty.server.AbstractHttpConnection.handleRequest(AbstractHttpConnection.java:485)
	at org.eclipse.jetty.server.AbstractHttpConnection.headerComplete(AbstractHttpConnection.java:926)
	at org.eclipse.jetty.server.AbstractHttpConnection$RequestHandler.headerComplete(AbstractHttpConnection.java:988)
	at org.eclipse.jetty.http.HttpParser.parseNext(HttpParser.java:635)
	at org.eclipse.jetty.http.HttpParser.parseAvailable(HttpParser.java:235)
	at org.eclipse.jetty.server.AsyncHttpConnection.handle(AsyncHttpConnection.java:82)
	at org.eclipse.jetty.io.nio.SelectChannelEndPoint.handle(SelectChannelEndPoint.java:628)
	at org.eclipse.jetty.io.nio.SelectChannelEndPoint$1.run(SelectChannelEndPoint.java:52)
	at org.eclipse.jetty.util.thread.QueuedThreadPool.runJob(QueuedThreadPool.java:608)
	at org.eclipse.jetty.util.thread.QueuedThreadPool$3.run(QueuedThreadPool.java:543)
	at java.lang.Thread.run(Thread.java:745)
Caused by: java.lang.RuntimeException: File not found : E:\GIT\fault\src\main\webapp/manage/goAdd.html
	at com.jfinal.template.source.FileSource.getContent(FileSource.java:70)
	at com.jfinal.template.Engine.buildTemplateBySourceFactory(Engine.java:153)
	at com.jfinal.template.Engine.getTemplate(Engine.java:138)
	at com.jfinal.render.TemplateRender.render(TemplateRender.java:60)
	... 26 more

2018-10-11 16:15:59
[INFO]-[Thread: main]-[org.eclipse.jetty.server.Server.doStart()]: jetty-8.1.8.v20121106

2018-10-11 16:15:59
[INFO]-[Thread: main]-[org.eclipse.jetty.webapp.StandardDescriptorProcessor.visitServlet()]: NO JSP Support for /, did not find org.apache.jasper.servlet.JspServlet

2018-10-11 16:15:59
[INFO]-[Thread: main]-[org.eclipse.jetty.server.handler.ContextHandler.callContextInitialized()]: started o.e.j.w.WebAppContext{/,file:/E:/GIT/fault/src/main/webapp/}

2018-10-11 16:15:59
[INFO]-[Thread: main]-[org.eclipse.jetty.server.handler.ContextHandler.callContextInitialized()]: started o.e.j.w.WebAppContext{/,file:/E:/GIT/fault/src/main/webapp/}

2018-10-11 16:15:59
[INFO]-[Thread: main]-[com.alibaba.druid.pool.DruidDataSource.init()]: {dataSource-1} inited

2018-10-11 16:16:00
[INFO]-[Thread: main]-[com.alibaba.druid.pool.DruidDataSource.init()]: {dataSource-2} inited

2018-10-11 16:16:00
[INFO]-[Thread: main]-[org.eclipse.jetty.server.AbstractConnector.doStart()]: Started SelectChannelConnector@0.0.0.0:8082

2018-10-11 16:16:05
[INFO]-[Thread: qtp1612687302-27]-[com.xxl.sso.core.util.JedisUtil.getInstance()]: >>>>>>>>>>> xxl-sso, JedisUtil.ShardedJedisPool init success.

2018-10-11 16:39:42
[WARN]-[Thread: qtp1612687302-28]-[org.eclipse.jetty.http.HttpGenerator.addContent()]: Ignoring extra content {}

2018-10-11 16:40:33
[WARN]-[Thread: qtp1612687302-30]-[org.eclipse.jetty.http.HttpGenerator.addContent()]: Ignoring extra content {}

2018-10-11 16:41:19
[WARN]-[Thread: qtp1612687302-28]-[com.jfinal.core.ActionHandler.handle()]: 404 Action Not Found: /manage/sava?report_name=%E6%9D%A8%E6%88%90%E4%BC%9F&report_staffno=000112&report_tel=13227766212&report_dep=%E8%BD%AF%E4%BB%B6%E9%83%A8&type=B%E8%B6%85%E8%AE%BE%E5%A4%87&level=%E4%B8%80%E8%88%AC&responsible_dep=%E4%BF%A1%E6%81%AF%E7%A7%91&responsible_depid=23&location=%E5%A4%A7%E9%97%A8%E5%8F%A3&describe=%E6%9C%89%E5%9E%83%E5%9C%BE&file=&desPicture=&remark=%E6%97%A0%E5%A4%87%E6%B3%A8

2018-10-11 16:41:43
[WARN]-[Thread: qtp1612687302-27]-[com.jfinal.core.ActionHandler.handle()]: 404 Action Not Found: /manage/sava?report_name=%E6%9D%A8%E6%88%90%E4%BC%9F&report_staffno=000112&report_tel=13227766212&report_dep=%E8%BD%AF%E4%BB%B6%E9%83%A8&type=B%E8%B6%85%E8%AE%BE%E5%A4%87&level=%E4%B8%80%E8%88%AC&responsible_dep=%E4%BF%A1%E6%81%AF%E7%A7%91&responsible_depid=23&location=%E5%A4%A7%E9%97%A8%E5%8F%A3&describe=%E6%9C%89%E5%9E%83%E5%9C%BE&file=&desPicture=&remark=%E6%97%A0%E5%A4%87%E6%B3%A8

2018-10-11 16:44:07
[INFO]-[Thread: qtp1612687302-28]-[com.jfinal.kit.LogKit.info()]: (0:0:0:0:0:0:0:1)/manage/save -- 返回数据:{"data":{},"code":-1,"msg":"网络异常，请稍后重试"}

2018-10-11 16:45:14
[INFO]-[Thread: qtp1612687302-26]-[com.jfinal.kit.LogKit.info()]: (0:0:0:0:0:0:0:1)/manage/save -- 返回数据:{"data":{},"code":200,"msg":"发布成功！"}

2018-10-11 16:48:30
[INFO]-[Thread: qtp1612687302-29]-[com.jfinal.kit.LogKit.info()]: (0:0:0:0:0:0:0:1)/manage/save -- 返回数据:{"data":{},"code":200,"msg":"发布成功！"}

2018-10-11 16:56:53
[INFO]-[Thread: qtp1612687302-28]-[com.jfinal.kit.LogKit.info()]: (0:0:0:0:0:0:0:1)/manage/save -- 返回数据:{"data":{},"code":200,"msg":"发布成功！"}

2018-10-11 16:58:16
[INFO]-[Thread: qtp1612687302-28]-[com.jfinal.kit.LogKit.info()]: (0:0:0:0:0:0:0:1)/manage/save -- 返回数据:{"data":{},"code":200,"msg":"发布成功！"}

2018-10-11 17:00:25
[INFO]-[Thread: qtp1612687302-28]-[com.jfinal.kit.LogKit.info()]: (0:0:0:0:0:0:0:1)/manage/save -- 返回数据:{"data":{},"code":200,"msg":"发布成功！"}

2018-10-11 17:02:23
[INFO]-[Thread: qtp1612687302-27]-[com.jfinal.kit.LogKit.info()]: (0:0:0:0:0:0:0:1)/manage/save -- 返回数据:{"data":{},"code":200,"msg":"发布成功！"}

2018-10-11 17:03:03
[INFO]-[Thread: qtp1612687302-29]-[com.jfinal.kit.LogKit.info()]: (0:0:0:0:0:0:0:1)/manage/save -- 返回数据:{"data":{},"code":-1,"msg":"网络异常，请稍后重试"}

2018-10-11 18:13:52
[WARN]-[Thread: qtp1612687302-26]-[com.jfinal.core.ActionHandler.handle()]: 404 Action Not Found: /manage/getToken

2018-10-11 18:14:16
[INFO]-[Thread: main]-[org.eclipse.jetty.server.Server.doStart()]: jetty-8.1.8.v20121106

2018-10-11 18:14:16
[INFO]-[Thread: main]-[org.eclipse.jetty.webapp.StandardDescriptorProcessor.visitServlet()]: NO JSP Support for /, did not find org.apache.jasper.servlet.JspServlet

2018-10-11 18:14:16
[INFO]-[Thread: main]-[org.eclipse.jetty.server.handler.ContextHandler.callContextInitialized()]: started o.e.j.w.WebAppContext{/,file:/E:/GIT/fault/src/main/webapp/}

2018-10-11 18:14:16
[INFO]-[Thread: main]-[org.eclipse.jetty.server.handler.ContextHandler.callContextInitialized()]: started o.e.j.w.WebAppContext{/,file:/E:/GIT/fault/src/main/webapp/}

2018-10-11 18:14:16
[INFO]-[Thread: main]-[com.alibaba.druid.pool.DruidDataSource.init()]: {dataSource-1} inited

2018-10-11 18:14:17
[INFO]-[Thread: main]-[com.alibaba.druid.pool.DruidDataSource.init()]: {dataSource-2} inited

2018-10-11 18:14:17
[INFO]-[Thread: main]-[org.eclipse.jetty.server.AbstractConnector.doStart()]: Started SelectChannelConnector@0.0.0.0:8082

2018-10-11 18:14:20
[INFO]-[Thread: qtp18434297-27]-[com.xxl.sso.core.util.JedisUtil.getInstance()]: >>>>>>>>>>> xxl-sso, JedisUtil.ShardedJedisPool init success.

2018-10-11 18:49:30
[WARN]-[Thread: qtp18434297-28]-[org.eclipse.jetty.http.HttpGenerator.addContent()]: Ignoring extra content {}

2018-10-11 18:54:16
[INFO]-[Thread: qtp18434297-27]-[com.jfinal.kit.LogKit.info()]: (0:0:0:0:0:0:0:1)/manage/save -- 返回数据:{"data":{},"code":200,"msg":"发布成功！"}

2018-10-11 18:56:43
[INFO]-[Thread: qtp18434297-31]-[com.jfinal.kit.LogKit.info()]: (0:0:0:0:0:0:0:1)/manage/save -- 返回数据:{"data":{},"code":-1,"msg":"网络异常，请稍后重试"}

2018-10-11 19:02:36
[INFO]-[Thread: qtp18434297-27]-[com.jfinal.kit.LogKit.info()]: (0:0:0:0:0:0:0:1)/manage/save -- 返回数据:{"data":{},"code":200,"msg":"发布成功！"}

2018-10-11 19:03:54
[INFO]-[Thread: qtp18434297-24]-[com.jfinal.kit.LogKit.info()]: (0:0:0:0:0:0:0:1)/manage/save -- 返回数据:{"data":{},"code":200,"msg":"发布成功！"}

2018-10-11 19:15:09
[INFO]-[Thread: main]-[org.eclipse.jetty.server.Server.doStart()]: jetty-8.1.8.v20121106

2018-10-11 19:15:09
[INFO]-[Thread: main]-[org.eclipse.jetty.webapp.StandardDescriptorProcessor.visitServlet()]: NO JSP Support for /, did not find org.apache.jasper.servlet.JspServlet

2018-10-11 19:15:09
[INFO]-[Thread: main]-[org.eclipse.jetty.server.handler.ContextHandler.callContextInitialized()]: started o.e.j.w.WebAppContext{/,file:/E:/GIT/fault/src/main/webapp/}

2018-10-11 19:15:09
[INFO]-[Thread: main]-[org.eclipse.jetty.server.handler.ContextHandler.callContextInitialized()]: started o.e.j.w.WebAppContext{/,file:/E:/GIT/fault/src/main/webapp/}

2018-10-11 19:15:10
[INFO]-[Thread: main]-[com.alibaba.druid.pool.DruidDataSource.init()]: {dataSource-1} inited

2018-10-11 19:15:10
[INFO]-[Thread: main]-[com.alibaba.druid.pool.DruidDataSource.init()]: {dataSource-2} inited

2018-10-11 19:15:11
[INFO]-[Thread: main]-[org.eclipse.jetty.server.AbstractConnector.doStart()]: Started SelectChannelConnector@0.0.0.0:8082

2018-10-11 19:15:13
[INFO]-[Thread: qtp18434297-27]-[com.xxl.sso.core.util.JedisUtil.getInstance()]: >>>>>>>>>>> xxl-sso, JedisUtil.ShardedJedisPool init success.

2018-10-11 19:16:02
[INFO]-[Thread: qtp18434297-28]-[com.jfinal.kit.LogKit.info()]: (0:0:0:0:0:0:0:1)/manage/save -- 返回数据:{"data":{},"code":200,"msg":"发布成功！"}

2018-10-11 19:16:03
[INFO]-[Thread: qtp18434297-26]-[com.jfinal.kit.LogKit.info()]: (0:0:0:0:0:0:0:1)/manage/save -- 返回数据:{"data":{},"code":200,"msg":"发布成功！"}

2018-10-11 19:17:59
[INFO]-[Thread: qtp18434297-28]-[com.jfinal.kit.LogKit.info()]: (0:0:0:0:0:0:0:1)/manage/save -- 返回数据:{"data":{},"code":200,"msg":"发布成功！"}

2018-10-11 19:24:48
[ERROR]-[Thread: qtp18434297-27]-[com.ht.fault.common.interceptor.ExceptionIntoLogInterceptor.logWrite()]: 
---Exception Log Begin---
Controller:com.ht.fault.order.ManageController
Method:getToken
Exception Type:java.lang.RuntimeException
Exception Details:
java.lang.RuntimeException: java.net.SocketTimeoutException: connect timed out
	at com.jfinal.kit.HttpKit.get(HttpKit.java:136)
	at com.jfinal.kit.HttpKit.get(HttpKit.java:146)
	at com.ht.fault.order.ManageController.getToken(ManageController.java:147)
	at sun.reflect.NativeMethodAccessorImpl.invoke0(Native Method)
	at sun.reflect.NativeMethodAccessorImpl.invoke(NativeMethodAccessorImpl.java:57)
	at sun.reflect.DelegatingMethodAccessorImpl.invoke(DelegatingMethodAccessorImpl.java:43)
	at java.lang.reflect.Method.invoke(Method.java:606)
	at com.jfinal.aop.Invocation.invoke(Invocation.java:73)
	at com.ht.fault.common.interceptor.ExceptionIntoLogInterceptor.intercept(ExceptionIntoLogInterceptor.java:21)
	at com.jfinal.aop.Invocation.invoke(Invocation.java:67)
	at com.ht.fault.common.interceptor.SSOInterceptor.intercept(SSOInterceptor.java:73)
	at com.jfinal.aop.Invocation.invoke(Invocation.java:67)
	at com.ht.fault.common.interceptor.BaseInterceptor.intercept(BaseInterceptor.java:16)
	at com.jfinal.aop.Invocation.invoke(Invocation.java:67)
	at com.jfinal.core.ActionHandler.handle(ActionHandler.java:74)
	at com.ht.fault.common.HtFaultServiceHandler.handle(HtFaultServiceHandler.java:23)
	at com.jfinal.core.JFinalFilter.doFilter(JFinalFilter.java:73)
	at org.eclipse.jetty.servlet.ServletHandler$CachedChain.doFilter(ServletHandler.java:1307)
	at org.eclipse.jetty.servlet.ServletHandler.doHandle(ServletHandler.java:453)
	at org.eclipse.jetty.server.handler.ScopedHandler.handle(ScopedHandler.java:137)
	at org.eclipse.jetty.security.SecurityHandler.handle(SecurityHandler.java:560)
	at org.eclipse.jetty.server.session.SessionHandler.doHandle(SessionHandler.java:231)
	at org.eclipse.jetty.server.handler.ContextHandler.doHandle(ContextHandler.java:1072)
	at org.eclipse.jetty.servlet.ServletHandler.doScope(ServletHandler.java:382)
	at org.eclipse.jetty.server.session.SessionHandler.doScope(SessionHandler.java:193)
	at org.eclipse.jetty.server.handler.ContextHandler.doScope(ContextHandler.java:1006)
	at org.eclipse.jetty.server.handler.ScopedHandler.handle(ScopedHandler.java:135)
	at org.eclipse.jetty.server.handler.HandlerWrapper.handle(HandlerWrapper.java:116)
	at org.eclipse.jetty.server.Server.handle(Server.java:365)
	at org.eclipse.jetty.server.AbstractHttpConnection.handleRequest(AbstractHttpConnection.java:485)
	at org.eclipse.jetty.server.AbstractHttpConnection.headerComplete(AbstractHttpConnection.java:926)
	at org.eclipse.jetty.server.AbstractHttpConnection$RequestHandler.headerComplete(AbstractHttpConnection.java:988)
	at org.eclipse.jetty.http.HttpParser.parseNext(HttpParser.java:635)
	at org.eclipse.jetty.http.HttpParser.parseAvailable(HttpParser.java:235)
	at org.eclipse.jetty.server.AsyncHttpConnection.handle(AsyncHttpConnection.java:82)
	at org.eclipse.jetty.io.nio.SelectChannelEndPoint.handle(SelectChannelEndPoint.java:628)
	at org.eclipse.jetty.io.nio.SelectChannelEndPoint$1.run(SelectChannelEndPoint.java:52)
	at org.eclipse.jetty.util.thread.QueuedThreadPool.runJob(QueuedThreadPool.java:608)
	at org.eclipse.jetty.util.thread.QueuedThreadPool$3.run(QueuedThreadPool.java:543)
	at java.lang.Thread.run(Thread.java:745)
Caused by: java.net.SocketTimeoutException: connect timed out
	at java.net.DualStackPlainSocketImpl.waitForConnect(Native Method)
	at java.net.DualStackPlainSocketImpl.socketConnect(DualStackPlainSocketImpl.java:85)
	at java.net.AbstractPlainSocketImpl.doConnect(AbstractPlainSocketImpl.java:339)
	at java.net.AbstractPlainSocketImpl.connectToAddress(AbstractPlainSocketImpl.java:200)
	at java.net.AbstractPlainSocketImpl.connect(AbstractPlainSocketImpl.java:182)
	at java.net.PlainSocketImpl.connect(PlainSocketImpl.java:172)
	at java.net.SocksSocketImpl.connect(SocksSocketImpl.java:392)
	at java.net.Socket.connect(Socket.java:579)
	at sun.net.NetworkClient.doConnect(NetworkClient.java:175)
	at sun.net.www.http.HttpClient.openServer(HttpClient.java:432)
	at sun.net.www.http.HttpClient.openServer(HttpClient.java:527)
	at sun.net.www.http.HttpClient.<init>(HttpClient.java:211)
	at sun.net.www.http.HttpClient.New(HttpClient.java:308)
	at sun.net.www.http.HttpClient.New(HttpClient.java:326)
	at sun.net.www.protocol.http.HttpURLConnection.getNewHttpClient(HttpURLConnection.java:997)
	at sun.net.www.protocol.http.HttpURLConnection.plainConnect(HttpURLConnection.java:933)
	at sun.net.www.protocol.http.HttpURLConnection.connect(HttpURLConnection.java:851)
	at com.jfinal.kit.HttpKit.get(HttpKit.java:132)
	... 39 more

2018-10-11 19:24:48
[ERROR]-[Thread: qtp18434297-27]-[com.jfinal.core.ActionHandler.handle()]: /manage/getToken
com.jfinal.render.RenderException: java.lang.RuntimeException: File not found : E:\GIT\fault\src\main\webapp/manage/getToken.html
	at com.jfinal.render.TemplateRender.render(TemplateRender.java:63)
	at com.jfinal.core.ActionHandler.handle(ActionHandler.java:99)
	at com.ht.fault.common.HtFaultServiceHandler.handle(HtFaultServiceHandler.java:23)
	at com.jfinal.core.JFinalFilter.doFilter(JFinalFilter.java:73)
	at org.eclipse.jetty.servlet.ServletHandler$CachedChain.doFilter(ServletHandler.java:1307)
	at org.eclipse.jetty.servlet.ServletHandler.doHandle(ServletHandler.java:453)
	at org.eclipse.jetty.server.handler.ScopedHandler.handle(ScopedHandler.java:137)
	at org.eclipse.jetty.security.SecurityHandler.handle(SecurityHandler.java:560)
	at org.eclipse.jetty.server.session.SessionHandler.doHandle(SessionHandler.java:231)
	at org.eclipse.jetty.server.handler.ContextHandler.doHandle(ContextHandler.java:1072)
	at org.eclipse.jetty.servlet.ServletHandler.doScope(ServletHandler.java:382)
	at org.eclipse.jetty.server.session.SessionHandler.doScope(SessionHandler.java:193)
	at org.eclipse.jetty.server.handler.ContextHandler.doScope(ContextHandler.java:1006)
	at org.eclipse.jetty.server.handler.ScopedHandler.handle(ScopedHandler.java:135)
	at org.eclipse.jetty.server.handler.HandlerWrapper.handle(HandlerWrapper.java:116)
	at org.eclipse.jetty.server.Server.handle(Server.java:365)
	at org.eclipse.jetty.server.AbstractHttpConnection.handleRequest(AbstractHttpConnection.java:485)
	at org.eclipse.jetty.server.AbstractHttpConnection.headerComplete(AbstractHttpConnection.java:926)
	at org.eclipse.jetty.server.AbstractHttpConnection$RequestHandler.headerComplete(AbstractHttpConnection.java:988)
	at org.eclipse.jetty.http.HttpParser.parseNext(HttpParser.java:635)
	at org.eclipse.jetty.http.HttpParser.parseAvailable(HttpParser.java:235)
	at org.eclipse.jetty.server.AsyncHttpConnection.handle(AsyncHttpConnection.java:82)
	at org.eclipse.jetty.io.nio.SelectChannelEndPoint.handle(SelectChannelEndPoint.java:628)
	at org.eclipse.jetty.io.nio.SelectChannelEndPoint$1.run(SelectChannelEndPoint.java:52)
	at org.eclipse.jetty.util.thread.QueuedThreadPool.runJob(QueuedThreadPool.java:608)
	at org.eclipse.jetty.util.thread.QueuedThreadPool$3.run(QueuedThreadPool.java:543)
	at java.lang.Thread.run(Thread.java:745)
Caused by: java.lang.RuntimeException: File not found : E:\GIT\fault\src\main\webapp/manage/getToken.html
	at com.jfinal.template.source.FileSource.getContent(FileSource.java:70)
	at com.jfinal.template.Engine.buildTemplateBySourceFactory(Engine.java:153)
	at com.jfinal.template.Engine.getTemplate(Engine.java:138)
	at com.jfinal.render.TemplateRender.render(TemplateRender.java:60)
	... 26 more

2018-10-11 20:59:58
[INFO]-[Thread: main]-[org.eclipse.jetty.server.Server.doStart()]: jetty-8.1.8.v20121106

2018-10-11 20:59:58
[INFO]-[Thread: main]-[org.eclipse.jetty.webapp.StandardDescriptorProcessor.visitServlet()]: NO JSP Support for /, did not find org.apache.jasper.servlet.JspServlet

2018-10-11 20:59:58
[INFO]-[Thread: main]-[org.eclipse.jetty.server.handler.ContextHandler.callContextInitialized()]: started o.e.j.w.WebAppContext{/,file:/E:/GIT/fault/src/main/webapp/}

2018-10-11 20:59:58
[INFO]-[Thread: main]-[org.eclipse.jetty.server.handler.ContextHandler.callContextInitialized()]: started o.e.j.w.WebAppContext{/,file:/E:/GIT/fault/src/main/webapp/}

2018-10-11 20:59:58
[INFO]-[Thread: main]-[com.alibaba.druid.pool.DruidDataSource.init()]: {dataSource-1} inited

2018-10-11 20:59:59
[INFO]-[Thread: main]-[com.alibaba.druid.pool.DruidDataSource.init()]: {dataSource-2} inited

2018-10-11 20:59:59
[INFO]-[Thread: main]-[org.eclipse.jetty.server.AbstractConnector.doStart()]: Started SelectChannelConnector@0.0.0.0:8082

2018-10-11 21:00:03
[INFO]-[Thread: qtp18434297-29]-[com.xxl.sso.core.util.JedisUtil.getInstance()]: >>>>>>>>>>> xxl-sso, JedisUtil.ShardedJedisPool init success.

2018-10-11 21:00:03
[WARN]-[Thread: qtp18434297-29]-[org.eclipse.jetty.http.HttpGenerator.addContent()]: Ignoring extra content {}

2018-10-11 21:00:21
[WARN]-[Thread: qtp18434297-31]-[org.eclipse.jetty.http.HttpGenerator.addContent()]: Ignoring extra content {}

2018-10-11 21:01:16
[INFO]-[Thread: qtp18434297-28]-[com.jfinal.kit.LogKit.info()]: (0:0:0:0:0:0:0:1)/manage/update -- 返回数据:{"data":{},"code":200,"msg":"发布成功！"}

2018-10-11 21:09:07
[ERROR]-[Thread: qtp18434297-29]-[com.ht.fault.common.interceptor.ExceptionIntoLogInterceptor.logWrite()]: 
---Exception Log Begin---
Controller:com.ht.fault.order.ManageController
Method:update
Exception Type:java.lang.RuntimeException
Exception Details:
java.lang.RuntimeException: java.lang.reflect.InvocationTargetException
	at com.jfinal.aop.Invocation.invoke(Invocation.java:87)
	at com.ht.fault.common.interceptor.ExceptionIntoLogInterceptor.intercept(ExceptionIntoLogInterceptor.java:21)
	at com.jfinal.aop.Invocation.invoke(Invocation.java:67)
	at com.ht.fault.common.interceptor.SSOInterceptor.intercept(SSOInterceptor.java:73)
	at com.jfinal.aop.Invocation.invoke(Invocation.java:67)
	at com.ht.fault.common.interceptor.BaseInterceptor.intercept(BaseInterceptor.java:16)
	at com.jfinal.aop.Invocation.invoke(Invocation.java:67)
	at com.jfinal.core.ActionHandler.handle(ActionHandler.java:74)
	at com.ht.fault.common.HtFaultServiceHandler.handle(HtFaultServiceHandler.java:23)
	at com.jfinal.core.JFinalFilter.doFilter(JFinalFilter.java:73)
	at org.eclipse.jetty.servlet.ServletHandler$CachedChain.doFilter(ServletHandler.java:1307)
	at org.eclipse.jetty.servlet.ServletHandler.doHandle(ServletHandler.java:453)
	at org.eclipse.jetty.server.handler.ScopedHandler.handle(ScopedHandler.java:137)
	at org.eclipse.jetty.security.SecurityHandler.handle(SecurityHandler.java:560)
	at org.eclipse.jetty.server.session.SessionHandler.doHandle(SessionHandler.java:231)
	at org.eclipse.jetty.server.handler.ContextHandler.doHandle(ContextHandler.java:1072)
	at org.eclipse.jetty.servlet.ServletHandler.doScope(ServletHandler.java:382)
	at org.eclipse.jetty.server.session.SessionHandler.doScope(SessionHandler.java:193)
	at org.eclipse.jetty.server.handler.ContextHandler.doScope(ContextHandler.java:1006)
	at org.eclipse.jetty.server.handler.ScopedHandler.handle(ScopedHandler.java:135)
	at org.eclipse.jetty.server.handler.HandlerWrapper.handle(HandlerWrapper.java:116)
	at org.eclipse.jetty.server.Server.handle(Server.java:365)
	at org.eclipse.jetty.server.AbstractHttpConnection.handleRequest(AbstractHttpConnection.java:485)
	at org.eclipse.jetty.server.AbstractHttpConnection.headerComplete(AbstractHttpConnection.java:926)
	at org.eclipse.jetty.server.AbstractHttpConnection$RequestHandler.headerComplete(AbstractHttpConnection.java:988)
	at org.eclipse.jetty.http.HttpParser.parseNext(HttpParser.java:635)
	at org.eclipse.jetty.http.HttpParser.parseAvailable(HttpParser.java:235)
	at org.eclipse.jetty.server.AsyncHttpConnection.handle(AsyncHttpConnection.java:82)
	at org.eclipse.jetty.io.nio.SelectChannelEndPoint.handle(SelectChannelEndPoint.java:628)
	at org.eclipse.jetty.io.nio.SelectChannelEndPoint$1.run(SelectChannelEndPoint.java:52)
	at org.eclipse.jetty.util.thread.QueuedThreadPool.runJob(QueuedThreadPool.java:608)
	at org.eclipse.jetty.util.thread.QueuedThreadPool$3.run(QueuedThreadPool.java:543)
	at java.lang.Thread.run(Thread.java:745)
Caused by: java.lang.reflect.InvocationTargetException
	at sun.reflect.NativeMethodAccessorImpl.invoke0(Native Method)
	at sun.reflect.NativeMethodAccessorImpl.invoke(NativeMethodAccessorImpl.java:57)
	at sun.reflect.DelegatingMethodAccessorImpl.invoke(DelegatingMethodAccessorImpl.java:43)
	at java.lang.reflect.Method.invoke(Method.java:606)
	at com.jfinal.aop.Invocation.invoke(Invocation.java:73)
	... 32 more
Caused by: java.lang.NoSuchMethodError: com.ht.fault.order.ManageService.orderStatus(Ljava/lang/Integer;)Ljava/lang/Integer;
	at com.ht.fault.order.ManageController.update(ManageController.java:207)
	... 37 more

2018-10-11 21:09:07
[ERROR]-[Thread: qtp18434297-29]-[com.jfinal.core.ActionHandler.handle()]: /manage/update?id=12&type=%E6%94%BE%E5%B0%84%E8%AE%BE%E5%A4%87&level=%E7%B4%A7%E6%80%A5&location=%E5%9C%A8%E5%9C%A8%E7%A1%85&describe=&remark=&report_name=%E5%A5%8E%E6%A0%9E%E6%97%A0%E5%8F%AF%E5%A5%88%E4%BD%95%E9%9C%80%E8%A6%81&report_staffno=000000&report_tel=13227766212&report_dep=%E5%9F%8E
com.jfinal.render.RenderException: java.lang.RuntimeException: File not found : E:\GIT\fault\src\main\webapp/manage/update.html
	at com.jfinal.render.TemplateRender.render(TemplateRender.java:63)
	at com.jfinal.core.ActionHandler.handle(ActionHandler.java:99)
	at com.ht.fault.common.HtFaultServiceHandler.handle(HtFaultServiceHandler.java:23)
	at com.jfinal.core.JFinalFilter.doFilter(JFinalFilter.java:73)
	at org.eclipse.jetty.servlet.ServletHandler$CachedChain.doFilter(ServletHandler.java:1307)
	at org.eclipse.jetty.servlet.ServletHandler.doHandle(ServletHandler.java:453)
	at org.eclipse.jetty.server.handler.ScopedHandler.handle(ScopedHandler.java:137)
	at org.eclipse.jetty.security.SecurityHandler.handle(SecurityHandler.java:560)
	at org.eclipse.jetty.server.session.SessionHandler.doHandle(SessionHandler.java:231)
	at org.eclipse.jetty.server.handler.ContextHandler.doHandle(ContextHandler.java:1072)
	at org.eclipse.jetty.servlet.ServletHandler.doScope(ServletHandler.java:382)
	at org.eclipse.jetty.server.session.SessionHandler.doScope(SessionHandler.java:193)
	at org.eclipse.jetty.server.handler.ContextHandler.doScope(ContextHandler.java:1006)
	at org.eclipse.jetty.server.handler.ScopedHandler.handle(ScopedHandler.java:135)
	at org.eclipse.jetty.server.handler.HandlerWrapper.handle(HandlerWrapper.java:116)
	at org.eclipse.jetty.server.Server.handle(Server.java:365)
	at org.eclipse.jetty.server.AbstractHttpConnection.handleRequest(AbstractHttpConnection.java:485)
	at org.eclipse.jetty.server.AbstractHttpConnection.headerComplete(AbstractHttpConnection.java:926)
	at org.eclipse.jetty.server.AbstractHttpConnection$RequestHandler.headerComplete(AbstractHttpConnection.java:988)
	at org.eclipse.jetty.http.HttpParser.parseNext(HttpParser.java:635)
	at org.eclipse.jetty.http.HttpParser.parseAvailable(HttpParser.java:235)
	at org.eclipse.jetty.server.AsyncHttpConnection.handle(AsyncHttpConnection.java:82)
	at org.eclipse.jetty.io.nio.SelectChannelEndPoint.handle(SelectChannelEndPoint.java:628)
	at org.eclipse.jetty.io.nio.SelectChannelEndPoint$1.run(SelectChannelEndPoint.java:52)
	at org.eclipse.jetty.util.thread.QueuedThreadPool.runJob(QueuedThreadPool.java:608)
	at org.eclipse.jetty.util.thread.QueuedThreadPool$3.run(QueuedThreadPool.java:543)
	at java.lang.Thread.run(Thread.java:745)
Caused by: java.lang.RuntimeException: File not found : E:\GIT\fault\src\main\webapp/manage/update.html
	at com.jfinal.template.source.FileSource.getContent(FileSource.java:70)
	at com.jfinal.template.Engine.buildTemplateBySourceFactory(Engine.java:153)
	at com.jfinal.template.Engine.getTemplate(Engine.java:138)
	at com.jfinal.render.TemplateRender.render(TemplateRender.java:60)
	... 26 more

2018-10-11 21:09:23
[ERROR]-[Thread: qtp18434297-28]-[com.ht.fault.common.interceptor.ExceptionIntoLogInterceptor.logWrite()]: 
---Exception Log Begin---
Controller:com.ht.fault.order.ManageController
Method:update
Exception Type:java.lang.RuntimeException
Exception Details:
java.lang.RuntimeException: java.lang.reflect.InvocationTargetException
	at com.jfinal.aop.Invocation.invoke(Invocation.java:87)
	at com.ht.fault.common.interceptor.ExceptionIntoLogInterceptor.intercept(ExceptionIntoLogInterceptor.java:21)
	at com.jfinal.aop.Invocation.invoke(Invocation.java:67)
	at com.ht.fault.common.interceptor.SSOInterceptor.intercept(SSOInterceptor.java:73)
	at com.jfinal.aop.Invocation.invoke(Invocation.java:67)
	at com.ht.fault.common.interceptor.BaseInterceptor.intercept(BaseInterceptor.java:16)
	at com.jfinal.aop.Invocation.invoke(Invocation.java:67)
	at com.jfinal.core.ActionHandler.handle(ActionHandler.java:74)
	at com.ht.fault.common.HtFaultServiceHandler.handle(HtFaultServiceHandler.java:23)
	at com.jfinal.core.JFinalFilter.doFilter(JFinalFilter.java:73)
	at org.eclipse.jetty.servlet.ServletHandler$CachedChain.doFilter(ServletHandler.java:1307)
	at org.eclipse.jetty.servlet.ServletHandler.doHandle(ServletHandler.java:453)
	at org.eclipse.jetty.server.handler.ScopedHandler.handle(ScopedHandler.java:137)
	at org.eclipse.jetty.security.SecurityHandler.handle(SecurityHandler.java:560)
	at org.eclipse.jetty.server.session.SessionHandler.doHandle(SessionHandler.java:231)
	at org.eclipse.jetty.server.handler.ContextHandler.doHandle(ContextHandler.java:1072)
	at org.eclipse.jetty.servlet.ServletHandler.doScope(ServletHandler.java:382)
	at org.eclipse.jetty.server.session.SessionHandler.doScope(SessionHandler.java:193)
	at org.eclipse.jetty.server.handler.ContextHandler.doScope(ContextHandler.java:1006)
	at org.eclipse.jetty.server.handler.ScopedHandler.handle(ScopedHandler.java:135)
	at org.eclipse.jetty.server.handler.HandlerWrapper.handle(HandlerWrapper.java:116)
	at org.eclipse.jetty.server.Server.handle(Server.java:365)
	at org.eclipse.jetty.server.AbstractHttpConnection.handleRequest(AbstractHttpConnection.java:485)
	at org.eclipse.jetty.server.AbstractHttpConnection.headerComplete(AbstractHttpConnection.java:926)
	at org.eclipse.jetty.server.AbstractHttpConnection$RequestHandler.headerComplete(AbstractHttpConnection.java:988)
	at org.eclipse.jetty.http.HttpParser.parseNext(HttpParser.java:635)
	at org.eclipse.jetty.http.HttpParser.parseAvailable(HttpParser.java:235)
	at org.eclipse.jetty.server.AsyncHttpConnection.handle(AsyncHttpConnection.java:82)
	at org.eclipse.jetty.io.nio.SelectChannelEndPoint.handle(SelectChannelEndPoint.java:628)
	at org.eclipse.jetty.io.nio.SelectChannelEndPoint$1.run(SelectChannelEndPoint.java:52)
	at org.eclipse.jetty.util.thread.QueuedThreadPool.runJob(QueuedThreadPool.java:608)
	at org.eclipse.jetty.util.thread.QueuedThreadPool$3.run(QueuedThreadPool.java:543)
	at java.lang.Thread.run(Thread.java:745)
Caused by: java.lang.reflect.InvocationTargetException
	at sun.reflect.NativeMethodAccessorImpl.invoke0(Native Method)
	at sun.reflect.NativeMethodAccessorImpl.invoke(NativeMethodAccessorImpl.java:57)
	at sun.reflect.DelegatingMethodAccessorImpl.invoke(DelegatingMethodAccessorImpl.java:43)
	at java.lang.reflect.Method.invoke(Method.java:606)
	at com.jfinal.aop.Invocation.invoke(Invocation.java:73)
	... 32 more
Caused by: java.lang.NoSuchMethodError: com.ht.fault.order.ManageService.orderStatus(Ljava/lang/Integer;)Ljava/lang/Integer;
	at com.ht.fault.order.ManageController.update(ManageController.java:207)
	... 37 more

2018-10-11 21:09:23
[ERROR]-[Thread: qtp18434297-28]-[com.jfinal.core.ActionHandler.handle()]: /manage/update?id=12&type=%E6%94%BE%E5%B0%84%E8%AE%BE%E5%A4%87&level=%E7%B4%A7%E6%80%A5&location=%E5%9C%A8%E5%9C%A8%E7%A1%85&describe=&remark=&report_name=%E5%A5%8E%E6%A0%9E%E6%97%A0%E5%8F%AF%E5%A5%88%E4%BD%95%E9%9C%80%E8%A6%81&report_staffno=000000&report_tel=13227766212&report_dep=%E5%9F%8E
com.jfinal.render.RenderException: java.lang.RuntimeException: File not found : E:\GIT\fault\src\main\webapp/manage/update.html
	at com.jfinal.render.TemplateRender.render(TemplateRender.java:63)
	at com.jfinal.core.ActionHandler.handle(ActionHandler.java:99)
	at com.ht.fault.common.HtFaultServiceHandler.handle(HtFaultServiceHandler.java:23)
	at com.jfinal.core.JFinalFilter.doFilter(JFinalFilter.java:73)
	at org.eclipse.jetty.servlet.ServletHandler$CachedChain.doFilter(ServletHandler.java:1307)
	at org.eclipse.jetty.servlet.ServletHandler.doHandle(ServletHandler.java:453)
	at org.eclipse.jetty.server.handler.ScopedHandler.handle(ScopedHandler.java:137)
	at org.eclipse.jetty.security.SecurityHandler.handle(SecurityHandler.java:560)
	at org.eclipse.jetty.server.session.SessionHandler.doHandle(SessionHandler.java:231)
	at org.eclipse.jetty.server.handler.ContextHandler.doHandle(ContextHandler.java:1072)
	at org.eclipse.jetty.servlet.ServletHandler.doScope(ServletHandler.java:382)
	at org.eclipse.jetty.server.session.SessionHandler.doScope(SessionHandler.java:193)
	at org.eclipse.jetty.server.handler.ContextHandler.doScope(ContextHandler.java:1006)
	at org.eclipse.jetty.server.handler.ScopedHandler.handle(ScopedHandler.java:135)
	at org.eclipse.jetty.server.handler.HandlerWrapper.handle(HandlerWrapper.java:116)
	at org.eclipse.jetty.server.Server.handle(Server.java:365)
	at org.eclipse.jetty.server.AbstractHttpConnection.handleRequest(AbstractHttpConnection.java:485)
	at org.eclipse.jetty.server.AbstractHttpConnection.headerComplete(AbstractHttpConnection.java:926)
	at org.eclipse.jetty.server.AbstractHttpConnection$RequestHandler.headerComplete(AbstractHttpConnection.java:988)
	at org.eclipse.jetty.http.HttpParser.parseNext(HttpParser.java:635)
	at org.eclipse.jetty.http.HttpParser.parseAvailable(HttpParser.java:235)
	at org.eclipse.jetty.server.AsyncHttpConnection.handle(AsyncHttpConnection.java:82)
	at org.eclipse.jetty.io.nio.SelectChannelEndPoint.handle(SelectChannelEndPoint.java:628)
	at org.eclipse.jetty.io.nio.SelectChannelEndPoint$1.run(SelectChannelEndPoint.java:52)
	at org.eclipse.jetty.util.thread.QueuedThreadPool.runJob(QueuedThreadPool.java:608)
	at org.eclipse.jetty.util.thread.QueuedThreadPool$3.run(QueuedThreadPool.java:543)
	at java.lang.Thread.run(Thread.java:745)
Caused by: java.lang.RuntimeException: File not found : E:\GIT\fault\src\main\webapp/manage/update.html
	at com.jfinal.template.source.FileSource.getContent(FileSource.java:70)
	at com.jfinal.template.Engine.buildTemplateBySourceFactory(Engine.java:153)
	at com.jfinal.template.Engine.getTemplate(Engine.java:138)
	at com.jfinal.render.TemplateRender.render(TemplateRender.java:60)
	... 26 more

2018-10-11 21:09:24
[ERROR]-[Thread: qtp18434297-29]-[com.ht.fault.common.interceptor.ExceptionIntoLogInterceptor.logWrite()]: 
---Exception Log Begin---
Controller:com.ht.fault.order.ManageController
Method:update
Exception Type:java.lang.RuntimeException
Exception Details:
java.lang.RuntimeException: java.lang.reflect.InvocationTargetException
	at com.jfinal.aop.Invocation.invoke(Invocation.java:87)
	at com.ht.fault.common.interceptor.ExceptionIntoLogInterceptor.intercept(ExceptionIntoLogInterceptor.java:21)
	at com.jfinal.aop.Invocation.invoke(Invocation.java:67)
	at com.ht.fault.common.interceptor.SSOInterceptor.intercept(SSOInterceptor.java:73)
	at com.jfinal.aop.Invocation.invoke(Invocation.java:67)
	at com.ht.fault.common.interceptor.BaseInterceptor.intercept(BaseInterceptor.java:16)
	at com.jfinal.aop.Invocation.invoke(Invocation.java:67)
	at com.jfinal.core.ActionHandler.handle(ActionHandler.java:74)
	at com.ht.fault.common.HtFaultServiceHandler.handle(HtFaultServiceHandler.java:23)
	at com.jfinal.core.JFinalFilter.doFilter(JFinalFilter.java:73)
	at org.eclipse.jetty.servlet.ServletHandler$CachedChain.doFilter(ServletHandler.java:1307)
	at org.eclipse.jetty.servlet.ServletHandler.doHandle(ServletHandler.java:453)
	at org.eclipse.jetty.server.handler.ScopedHandler.handle(ScopedHandler.java:137)
	at org.eclipse.jetty.security.SecurityHandler.handle(SecurityHandler.java:560)
	at org.eclipse.jetty.server.session.SessionHandler.doHandle(SessionHandler.java:231)
	at org.eclipse.jetty.server.handler.ContextHandler.doHandle(ContextHandler.java:1072)
	at org.eclipse.jetty.servlet.ServletHandler.doScope(ServletHandler.java:382)
	at org.eclipse.jetty.server.session.SessionHandler.doScope(SessionHandler.java:193)
	at org.eclipse.jetty.server.handler.ContextHandler.doScope(ContextHandler.java:1006)
	at org.eclipse.jetty.server.handler.ScopedHandler.handle(ScopedHandler.java:135)
	at org.eclipse.jetty.server.handler.HandlerWrapper.handle(HandlerWrapper.java:116)
	at org.eclipse.jetty.server.Server.handle(Server.java:365)
	at org.eclipse.jetty.server.AbstractHttpConnection.handleRequest(AbstractHttpConnection.java:485)
	at org.eclipse.jetty.server.AbstractHttpConnection.headerComplete(AbstractHttpConnection.java:926)
	at org.eclipse.jetty.server.AbstractHttpConnection$RequestHandler.headerComplete(AbstractHttpConnection.java:988)
	at org.eclipse.jetty.http.HttpParser.parseNext(HttpParser.java:635)
	at org.eclipse.jetty.http.HttpParser.parseAvailable(HttpParser.java:235)
	at org.eclipse.jetty.server.AsyncHttpConnection.handle(AsyncHttpConnection.java:82)
	at org.eclipse.jetty.io.nio.SelectChannelEndPoint.handle(SelectChannelEndPoint.java:628)
	at org.eclipse.jetty.io.nio.SelectChannelEndPoint$1.run(SelectChannelEndPoint.java:52)
	at org.eclipse.jetty.util.thread.QueuedThreadPool.runJob(QueuedThreadPool.java:608)
	at org.eclipse.jetty.util.thread.QueuedThreadPool$3.run(QueuedThreadPool.java:543)
	at java.lang.Thread.run(Thread.java:745)
Caused by: java.lang.reflect.InvocationTargetException
	at sun.reflect.NativeMethodAccessorImpl.invoke0(Native Method)
	at sun.reflect.NativeMethodAccessorImpl.invoke(NativeMethodAccessorImpl.java:57)
	at sun.reflect.DelegatingMethodAccessorImpl.invoke(DelegatingMethodAccessorImpl.java:43)
	at java.lang.reflect.Method.invoke(Method.java:606)
	at com.jfinal.aop.Invocation.invoke(Invocation.java:73)
	... 32 more
Caused by: java.lang.NoSuchMethodError: com.ht.fault.order.ManageService.orderStatus(Ljava/lang/Integer;)Ljava/lang/Integer;
	at com.ht.fault.order.ManageController.update(ManageController.java:207)
	... 37 more

2018-10-11 21:09:24
[ERROR]-[Thread: qtp18434297-29]-[com.jfinal.core.ActionHandler.handle()]: /manage/update?id=12&type=%E6%94%BE%E5%B0%84%E8%AE%BE%E5%A4%87&level=%E7%B4%A7%E6%80%A5&location=%E5%9C%A8%E5%9C%A8%E7%A1%85&describe=&remark=&report_name=%E5%A5%8E%E6%A0%9E%E6%97%A0%E5%8F%AF%E5%A5%88%E4%BD%95%E9%9C%80%E8%A6%81&report_staffno=000000&report_tel=13227766212&report_dep=%E5%9F%8E
com.jfinal.render.RenderException: java.lang.RuntimeException: File not found : E:\GIT\fault\src\main\webapp/manage/update.html
	at com.jfinal.render.TemplateRender.render(TemplateRender.java:63)
	at com.jfinal.core.ActionHandler.handle(ActionHandler.java:99)
	at com.ht.fault.common.HtFaultServiceHandler.handle(HtFaultServiceHandler.java:23)
	at com.jfinal.core.JFinalFilter.doFilter(JFinalFilter.java:73)
	at org.eclipse.jetty.servlet.ServletHandler$CachedChain.doFilter(ServletHandler.java:1307)
	at org.eclipse.jetty.servlet.ServletHandler.doHandle(ServletHandler.java:453)
	at org.eclipse.jetty.server.handler.ScopedHandler.handle(ScopedHandler.java:137)
	at org.eclipse.jetty.security.SecurityHandler.handle(SecurityHandler.java:560)
	at org.eclipse.jetty.server.session.SessionHandler.doHandle(SessionHandler.java:231)
	at org.eclipse.jetty.server.handler.ContextHandler.doHandle(ContextHandler.java:1072)
	at org.eclipse.jetty.servlet.ServletHandler.doScope(ServletHandler.java:382)
	at org.eclipse.jetty.server.session.SessionHandler.doScope(SessionHandler.java:193)
	at org.eclipse.jetty.server.handler.ContextHandler.doScope(ContextHandler.java:1006)
	at org.eclipse.jetty.server.handler.ScopedHandler.handle(ScopedHandler.java:135)
	at org.eclipse.jetty.server.handler.HandlerWrapper.handle(HandlerWrapper.java:116)
	at org.eclipse.jetty.server.Server.handle(Server.java:365)
	at org.eclipse.jetty.server.AbstractHttpConnection.handleRequest(AbstractHttpConnection.java:485)
	at org.eclipse.jetty.server.AbstractHttpConnection.headerComplete(AbstractHttpConnection.java:926)
	at org.eclipse.jetty.server.AbstractHttpConnection$RequestHandler.headerComplete(AbstractHttpConnection.java:988)
	at org.eclipse.jetty.http.HttpParser.parseNext(HttpParser.java:635)
	at org.eclipse.jetty.http.HttpParser.parseAvailable(HttpParser.java:235)
	at org.eclipse.jetty.server.AsyncHttpConnection.handle(AsyncHttpConnection.java:82)
	at org.eclipse.jetty.io.nio.SelectChannelEndPoint.handle(SelectChannelEndPoint.java:628)
	at org.eclipse.jetty.io.nio.SelectChannelEndPoint$1.run(SelectChannelEndPoint.java:52)
	at org.eclipse.jetty.util.thread.QueuedThreadPool.runJob(QueuedThreadPool.java:608)
	at org.eclipse.jetty.util.thread.QueuedThreadPool$3.run(QueuedThreadPool.java:543)
	at java.lang.Thread.run(Thread.java:745)
Caused by: java.lang.RuntimeException: File not found : E:\GIT\fault\src\main\webapp/manage/update.html
	at com.jfinal.template.source.FileSource.getContent(FileSource.java:70)
	at com.jfinal.template.Engine.buildTemplateBySourceFactory(Engine.java:153)
	at com.jfinal.template.Engine.getTemplate(Engine.java:138)
	at com.jfinal.render.TemplateRender.render(TemplateRender.java:60)
	... 26 more

2018-10-11 21:09:25
[ERROR]-[Thread: qtp18434297-25]-[com.ht.fault.common.interceptor.ExceptionIntoLogInterceptor.logWrite()]: 
---Exception Log Begin---
Controller:com.ht.fault.order.ManageController
Method:update
Exception Type:java.lang.RuntimeException
Exception Details:
java.lang.RuntimeException: java.lang.reflect.InvocationTargetException
	at com.jfinal.aop.Invocation.invoke(Invocation.java:87)
	at com.ht.fault.common.interceptor.ExceptionIntoLogInterceptor.intercept(ExceptionIntoLogInterceptor.java:21)
	at com.jfinal.aop.Invocation.invoke(Invocation.java:67)
	at com.ht.fault.common.interceptor.SSOInterceptor.intercept(SSOInterceptor.java:73)
	at com.jfinal.aop.Invocation.invoke(Invocation.java:67)
	at com.ht.fault.common.interceptor.BaseInterceptor.intercept(BaseInterceptor.java:16)
	at com.jfinal.aop.Invocation.invoke(Invocation.java:67)
	at com.jfinal.core.ActionHandler.handle(ActionHandler.java:74)
	at com.ht.fault.common.HtFaultServiceHandler.handle(HtFaultServiceHandler.java:23)
	at com.jfinal.core.JFinalFilter.doFilter(JFinalFilter.java:73)
	at org.eclipse.jetty.servlet.ServletHandler$CachedChain.doFilter(ServletHandler.java:1307)
	at org.eclipse.jetty.servlet.ServletHandler.doHandle(ServletHandler.java:453)
	at org.eclipse.jetty.server.handler.ScopedHandler.handle(ScopedHandler.java:137)
	at org.eclipse.jetty.security.SecurityHandler.handle(SecurityHandler.java:560)
	at org.eclipse.jetty.server.session.SessionHandler.doHandle(SessionHandler.java:231)
	at org.eclipse.jetty.server.handler.ContextHandler.doHandle(ContextHandler.java:1072)
	at org.eclipse.jetty.servlet.ServletHandler.doScope(ServletHandler.java:382)
	at org.eclipse.jetty.server.session.SessionHandler.doScope(SessionHandler.java:193)
	at org.eclipse.jetty.server.handler.ContextHandler.doScope(ContextHandler.java:1006)
	at org.eclipse.jetty.server.handler.ScopedHandler.handle(ScopedHandler.java:135)
	at org.eclipse.jetty.server.handler.HandlerWrapper.handle(HandlerWrapper.java:116)
	at org.eclipse.jetty.server.Server.handle(Server.java:365)
	at org.eclipse.jetty.server.AbstractHttpConnection.handleRequest(AbstractHttpConnection.java:485)
	at org.eclipse.jetty.server.AbstractHttpConnection.headerComplete(AbstractHttpConnection.java:926)
	at org.eclipse.jetty.server.AbstractHttpConnection$RequestHandler.headerComplete(AbstractHttpConnection.java:988)
	at org.eclipse.jetty.http.HttpParser.parseNext(HttpParser.java:635)
	at org.eclipse.jetty.http.HttpParser.parseAvailable(HttpParser.java:235)
	at org.eclipse.jetty.server.AsyncHttpConnection.handle(AsyncHttpConnection.java:82)
	at org.eclipse.jetty.io.nio.SelectChannelEndPoint.handle(SelectChannelEndPoint.java:628)
	at org.eclipse.jetty.io.nio.SelectChannelEndPoint$1.run(SelectChannelEndPoint.java:52)
	at org.eclipse.jetty.util.thread.QueuedThreadPool.runJob(QueuedThreadPool.java:608)
	at org.eclipse.jetty.util.thread.QueuedThreadPool$3.run(QueuedThreadPool.java:543)
	at java.lang.Thread.run(Thread.java:745)
Caused by: java.lang.reflect.InvocationTargetException
	at sun.reflect.NativeMethodAccessorImpl.invoke0(Native Method)
	at sun.reflect.NativeMethodAccessorImpl.invoke(NativeMethodAccessorImpl.java:57)
	at sun.reflect.DelegatingMethodAccessorImpl.invoke(DelegatingMethodAccessorImpl.java:43)
	at java.lang.reflect.Method.invoke(Method.java:606)
	at com.jfinal.aop.Invocation.invoke(Invocation.java:73)
	... 32 more
Caused by: java.lang.NoSuchMethodError: com.ht.fault.order.ManageService.orderStatus(Ljava/lang/Integer;)Ljava/lang/Integer;
	at com.ht.fault.order.ManageController.update(ManageController.java:207)
	... 37 more

2018-10-11 21:09:25
[ERROR]-[Thread: qtp18434297-25]-[com.jfinal.core.ActionHandler.handle()]: /manage/update?id=12&type=%E6%94%BE%E5%B0%84%E8%AE%BE%E5%A4%87&level=%E7%B4%A7%E6%80%A5&location=%E5%9C%A8%E5%9C%A8%E7%A1%85&describe=&remark=&report_name=%E5%A5%8E%E6%A0%9E%E6%97%A0%E5%8F%AF%E5%A5%88%E4%BD%95%E9%9C%80%E8%A6%81&report_staffno=000000&report_tel=13227766212&report_dep=%E5%9F%8E
com.jfinal.render.RenderException: java.lang.RuntimeException: File not found : E:\GIT\fault\src\main\webapp/manage/update.html
	at com.jfinal.render.TemplateRender.render(TemplateRender.java:63)
	at com.jfinal.core.ActionHandler.handle(ActionHandler.java:99)
	at com.ht.fault.common.HtFaultServiceHandler.handle(HtFaultServiceHandler.java:23)
	at com.jfinal.core.JFinalFilter.doFilter(JFinalFilter.java:73)
	at org.eclipse.jetty.servlet.ServletHandler$CachedChain.doFilter(ServletHandler.java:1307)
	at org.eclipse.jetty.servlet.ServletHandler.doHandle(ServletHandler.java:453)
	at org.eclipse.jetty.server.handler.ScopedHandler.handle(ScopedHandler.java:137)
	at org.eclipse.jetty.security.SecurityHandler.handle(SecurityHandler.java:560)
	at org.eclipse.jetty.server.session.SessionHandler.doHandle(SessionHandler.java:231)
	at org.eclipse.jetty.server.handler.ContextHandler.doHandle(ContextHandler.java:1072)
	at org.eclipse.jetty.servlet.ServletHandler.doScope(ServletHandler.java:382)
	at org.eclipse.jetty.server.session.SessionHandler.doScope(SessionHandler.java:193)
	at org.eclipse.jetty.server.handler.ContextHandler.doScope(ContextHandler.java:1006)
	at org.eclipse.jetty.server.handler.ScopedHandler.handle(ScopedHandler.java:135)
	at org.eclipse.jetty.server.handler.HandlerWrapper.handle(HandlerWrapper.java:116)
	at org.eclipse.jetty.server.Server.handle(Server.java:365)
	at org.eclipse.jetty.server.AbstractHttpConnection.handleRequest(AbstractHttpConnection.java:485)
	at org.eclipse.jetty.server.AbstractHttpConnection.headerComplete(AbstractHttpConnection.java:926)
	at org.eclipse.jetty.server.AbstractHttpConnection$RequestHandler.headerComplete(AbstractHttpConnection.java:988)
	at org.eclipse.jetty.http.HttpParser.parseNext(HttpParser.java:635)
	at org.eclipse.jetty.http.HttpParser.parseAvailable(HttpParser.java:235)
	at org.eclipse.jetty.server.AsyncHttpConnection.handle(AsyncHttpConnection.java:82)
	at org.eclipse.jetty.io.nio.SelectChannelEndPoint.handle(SelectChannelEndPoint.java:628)
	at org.eclipse.jetty.io.nio.SelectChannelEndPoint$1.run(SelectChannelEndPoint.java:52)
	at org.eclipse.jetty.util.thread.QueuedThreadPool.runJob(QueuedThreadPool.java:608)
	at org.eclipse.jetty.util.thread.QueuedThreadPool$3.run(QueuedThreadPool.java:543)
	at java.lang.Thread.run(Thread.java:745)
Caused by: java.lang.RuntimeException: File not found : E:\GIT\fault\src\main\webapp/manage/update.html
	at com.jfinal.template.source.FileSource.getContent(FileSource.java:70)
	at com.jfinal.template.Engine.buildTemplateBySourceFactory(Engine.java:153)
	at com.jfinal.template.Engine.getTemplate(Engine.java:138)
	at com.jfinal.render.TemplateRender.render(TemplateRender.java:60)
	... 26 more

2018-10-11 21:10:29
[ERROR]-[Thread: qtp18434297-29]-[com.ht.fault.common.interceptor.ExceptionIntoLogInterceptor.logWrite()]: 
---Exception Log Begin---
Controller:com.ht.fault.order.ManageController
Method:update
Exception Type:java.lang.RuntimeException
Exception Details:
java.lang.RuntimeException: java.lang.reflect.InvocationTargetException
	at com.jfinal.aop.Invocation.invoke(Invocation.java:87)
	at com.ht.fault.common.interceptor.ExceptionIntoLogInterceptor.intercept(ExceptionIntoLogInterceptor.java:21)
	at com.jfinal.aop.Invocation.invoke(Invocation.java:67)
	at com.ht.fault.common.interceptor.SSOInterceptor.intercept(SSOInterceptor.java:73)
	at com.jfinal.aop.Invocation.invoke(Invocation.java:67)
	at com.ht.fault.common.interceptor.BaseInterceptor.intercept(BaseInterceptor.java:16)
	at com.jfinal.aop.Invocation.invoke(Invocation.java:67)
	at com.jfinal.core.ActionHandler.handle(ActionHandler.java:74)
	at com.ht.fault.common.HtFaultServiceHandler.handle(HtFaultServiceHandler.java:23)
	at com.jfinal.core.JFinalFilter.doFilter(JFinalFilter.java:73)
	at org.eclipse.jetty.servlet.ServletHandler$CachedChain.doFilter(ServletHandler.java:1307)
	at org.eclipse.jetty.servlet.ServletHandler.doHandle(ServletHandler.java:453)
	at org.eclipse.jetty.server.handler.ScopedHandler.handle(ScopedHandler.java:137)
	at org.eclipse.jetty.security.SecurityHandler.handle(SecurityHandler.java:560)
	at org.eclipse.jetty.server.session.SessionHandler.doHandle(SessionHandler.java:231)
	at org.eclipse.jetty.server.handler.ContextHandler.doHandle(ContextHandler.java:1072)
	at org.eclipse.jetty.servlet.ServletHandler.doScope(ServletHandler.java:382)
	at org.eclipse.jetty.server.session.SessionHandler.doScope(SessionHandler.java:193)
	at org.eclipse.jetty.server.handler.ContextHandler.doScope(ContextHandler.java:1006)
	at org.eclipse.jetty.server.handler.ScopedHandler.handle(ScopedHandler.java:135)
	at org.eclipse.jetty.server.handler.HandlerWrapper.handle(HandlerWrapper.java:116)
	at org.eclipse.jetty.server.Server.handle(Server.java:365)
	at org.eclipse.jetty.server.AbstractHttpConnection.handleRequest(AbstractHttpConnection.java:485)
	at org.eclipse.jetty.server.AbstractHttpConnection.headerComplete(AbstractHttpConnection.java:926)
	at org.eclipse.jetty.server.AbstractHttpConnection$RequestHandler.headerComplete(AbstractHttpConnection.java:988)
	at org.eclipse.jetty.http.HttpParser.parseNext(HttpParser.java:635)
	at org.eclipse.jetty.http.HttpParser.parseAvailable(HttpParser.java:235)
	at org.eclipse.jetty.server.AsyncHttpConnection.handle(AsyncHttpConnection.java:82)
	at org.eclipse.jetty.io.nio.SelectChannelEndPoint.handle(SelectChannelEndPoint.java:628)
	at org.eclipse.jetty.io.nio.SelectChannelEndPoint$1.run(SelectChannelEndPoint.java:52)
	at org.eclipse.jetty.util.thread.QueuedThreadPool.runJob(QueuedThreadPool.java:608)
	at org.eclipse.jetty.util.thread.QueuedThreadPool$3.run(QueuedThreadPool.java:543)
	at java.lang.Thread.run(Thread.java:745)
Caused by: java.lang.reflect.InvocationTargetException
	at sun.reflect.NativeMethodAccessorImpl.invoke0(Native Method)
	at sun.reflect.NativeMethodAccessorImpl.invoke(NativeMethodAccessorImpl.java:57)
	at sun.reflect.DelegatingMethodAccessorImpl.invoke(DelegatingMethodAccessorImpl.java:43)
	at java.lang.reflect.Method.invoke(Method.java:606)
	at com.jfinal.aop.Invocation.invoke(Invocation.java:73)
	... 32 more
Caused by: java.lang.NoSuchMethodError: com.ht.fault.order.ManageService.orderStatus(Ljava/lang/Integer;)Ljava/lang/Integer;
	at com.ht.fault.order.ManageController.update(ManageController.java:207)
	... 37 more

2018-10-11 21:10:29
[ERROR]-[Thread: qtp18434297-29]-[com.jfinal.core.ActionHandler.handle()]: /manage/update?id=12&type=%E6%94%BE%E5%B0%84%E8%AE%BE%E5%A4%87&level=%E7%B4%A7%E6%80%A5&location=%E5%9C%A8%E5%9C%A8%E7%A1%85&describe=&remark=&report_name=%E5%A5%8E%E6%A0%9E%E6%97%A0%E5%8F%AF%E5%A5%88%E4%BD%95%E9%9C%80%E8%A6%81&report_staffno=000000&report_tel=13227766212&report_dep=%E5%9F%8E
com.jfinal.render.RenderException: java.lang.RuntimeException: File not found : E:\GIT\fault\src\main\webapp/manage/update.html
	at com.jfinal.render.TemplateRender.render(TemplateRender.java:63)
	at com.jfinal.core.ActionHandler.handle(ActionHandler.java:99)
	at com.ht.fault.common.HtFaultServiceHandler.handle(HtFaultServiceHandler.java:23)
	at com.jfinal.core.JFinalFilter.doFilter(JFinalFilter.java:73)
	at org.eclipse.jetty.servlet.ServletHandler$CachedChain.doFilter(ServletHandler.java:1307)
	at org.eclipse.jetty.servlet.ServletHandler.doHandle(ServletHandler.java:453)
	at org.eclipse.jetty.server.handler.ScopedHandler.handle(ScopedHandler.java:137)
	at org.eclipse.jetty.security.SecurityHandler.handle(SecurityHandler.java:560)
	at org.eclipse.jetty.server.session.SessionHandler.doHandle(SessionHandler.java:231)
	at org.eclipse.jetty.server.handler.ContextHandler.doHandle(ContextHandler.java:1072)
	at org.eclipse.jetty.servlet.ServletHandler.doScope(ServletHandler.java:382)
	at org.eclipse.jetty.server.session.SessionHandler.doScope(SessionHandler.java:193)
	at org.eclipse.jetty.server.handler.ContextHandler.doScope(ContextHandler.java:1006)
	at org.eclipse.jetty.server.handler.ScopedHandler.handle(ScopedHandler.java:135)
	at org.eclipse.jetty.server.handler.HandlerWrapper.handle(HandlerWrapper.java:116)
	at org.eclipse.jetty.server.Server.handle(Server.java:365)
	at org.eclipse.jetty.server.AbstractHttpConnection.handleRequest(AbstractHttpConnection.java:485)
	at org.eclipse.jetty.server.AbstractHttpConnection.headerComplete(AbstractHttpConnection.java:926)
	at org.eclipse.jetty.server.AbstractHttpConnection$RequestHandler.headerComplete(AbstractHttpConnection.java:988)
	at org.eclipse.jetty.http.HttpParser.parseNext(HttpParser.java:635)
	at org.eclipse.jetty.http.HttpParser.parseAvailable(HttpParser.java:235)
	at org.eclipse.jetty.server.AsyncHttpConnection.handle(AsyncHttpConnection.java:82)
	at org.eclipse.jetty.io.nio.SelectChannelEndPoint.handle(SelectChannelEndPoint.java:628)
	at org.eclipse.jetty.io.nio.SelectChannelEndPoint$1.run(SelectChannelEndPoint.java:52)
	at org.eclipse.jetty.util.thread.QueuedThreadPool.runJob(QueuedThreadPool.java:608)
	at org.eclipse.jetty.util.thread.QueuedThreadPool$3.run(QueuedThreadPool.java:543)
	at java.lang.Thread.run(Thread.java:745)
Caused by: java.lang.RuntimeException: File not found : E:\GIT\fault\src\main\webapp/manage/update.html
	at com.jfinal.template.source.FileSource.getContent(FileSource.java:70)
	at com.jfinal.template.Engine.buildTemplateBySourceFactory(Engine.java:153)
	at com.jfinal.template.Engine.getTemplate(Engine.java:138)
	at com.jfinal.render.TemplateRender.render(TemplateRender.java:60)
	... 26 more

2018-10-11 21:10:55
[INFO]-[Thread: main]-[org.eclipse.jetty.server.Server.doStart()]: jetty-8.1.8.v20121106

2018-10-11 21:10:55
[INFO]-[Thread: main]-[org.eclipse.jetty.webapp.StandardDescriptorProcessor.visitServlet()]: NO JSP Support for /, did not find org.apache.jasper.servlet.JspServlet

2018-10-11 21:10:55
[INFO]-[Thread: main]-[org.eclipse.jetty.server.handler.ContextHandler.callContextInitialized()]: started o.e.j.w.WebAppContext{/,file:/E:/GIT/fault/src/main/webapp/}

2018-10-11 21:10:55
[INFO]-[Thread: main]-[org.eclipse.jetty.server.handler.ContextHandler.callContextInitialized()]: started o.e.j.w.WebAppContext{/,file:/E:/GIT/fault/src/main/webapp/}

2018-10-11 21:10:55
[INFO]-[Thread: main]-[com.alibaba.druid.pool.DruidDataSource.init()]: {dataSource-1} inited

2018-10-11 21:10:56
[INFO]-[Thread: main]-[com.alibaba.druid.pool.DruidDataSource.init()]: {dataSource-2} inited

2018-10-11 21:10:56
[INFO]-[Thread: main]-[org.eclipse.jetty.server.AbstractConnector.doStart()]: Started SelectChannelConnector@0.0.0.0:8082

2018-10-11 21:10:58
[INFO]-[Thread: qtp18434297-31]-[com.xxl.sso.core.util.JedisUtil.getInstance()]: >>>>>>>>>>> xxl-sso, JedisUtil.ShardedJedisPool init success.

2018-10-11 21:11:40
[INFO]-[Thread: qtp18434297-28]-[com.jfinal.kit.LogKit.info()]: (0:0:0:0:0:0:0:1)/manage/update -- 返回数据:{"data":{},"code":-1,"msg":"网络异常，请稍后重试"}

2018-10-11 21:13:18
[INFO]-[Thread: qtp18434297-28]-[com.jfinal.kit.LogKit.info()]: (0:0:0:0:0:0:0:1)/manage/update -- 返回数据:{"data":{},"code":30003,"msg":"已接单,不能修改！"}
