
2018-09-27 18:01:15
[INFO]-[Thread: main]-[org.eclipse.jetty.server.Server.doStart()]: jetty-8.1.8.v20121106

2018-09-27 18:01:15
[INFO]-[Thread: main]-[org.eclipse.jetty.webapp.StandardDescriptorProcessor.visitServlet()]: NO JSP Support for /, did not find org.apache.jasper.servlet.JspServlet

2018-09-27 18:01:15
[INFO]-[Thread: main]-[org.eclipse.jetty.server.handler.ContextHandler.callContextInitialized()]: started o.e.j.w.WebAppContext{/,file:/F:/项目/ht_fault_service/src/main/webapp/}

2018-09-27 18:01:15
[INFO]-[Thread: main]-[org.eclipse.jetty.server.handler.ContextHandler.callContextInitialized()]: started o.e.j.w.WebAppContext{/,file:/F:/项目/ht_fault_service/src/main/webapp/}

2018-09-27 18:01:15
[INFO]-[Thread: main]-[org.eclipse.jetty.server.AbstractConnector.doStart()]: Started SelectChannelConnector@0.0.0.0:8082

2018-09-27 18:01:25
[INFO]-[Thread: JFinal-Scanner]-[org.eclipse.jetty.server.handler.ContextHandler.doStop()]: stopped o.e.j.w.WebAppContext{/,file:/F:/项目/ht_fault_service/src/main/webapp/}

2018-09-27 18:01:25
[INFO]-[Thread: JFinal-Scanner]-[org.eclipse.jetty.webapp.StandardDescriptorProcessor.visitServlet()]: NO JSP Support for /, did not find org.apache.jasper.servlet.JspServlet

2018-09-27 18:01:25
[INFO]-[Thread: JFinal-Scanner]-[org.eclipse.jetty.server.handler.ContextHandler.callContextInitialized()]: started o.e.j.w.WebAppContext{/,file:/F:/项目/ht_fault_service/src/main/webapp/}

2018-09-27 18:01:25
[INFO]-[Thread: JFinal-Scanner]-[org.eclipse.jetty.server.handler.ContextHandler.callContextInitialized()]: started o.e.j.w.WebAppContext{/,file:/F:/项目/ht_fault_service/src/main/webapp/}

2018-09-27 18:01:31
[INFO]-[Thread: main]-[org.eclipse.jetty.server.Server.doStart()]: jetty-8.1.8.v20121106

2018-09-27 18:01:31
[INFO]-[Thread: main]-[org.eclipse.jetty.webapp.StandardDescriptorProcessor.visitServlet()]: NO JSP Support for /, did not find org.apache.jasper.servlet.JspServlet

2018-09-27 18:01:31
[INFO]-[Thread: main]-[org.eclipse.jetty.server.handler.ContextHandler.callContextInitialized()]: started o.e.j.w.WebAppContext{/,file:/F:/项目/ht_fault_service/src/main/webapp/}

2018-09-27 18:01:31
[INFO]-[Thread: main]-[org.eclipse.jetty.server.handler.ContextHandler.callContextInitialized()]: started o.e.j.w.WebAppContext{/,file:/F:/项目/ht_fault_service/src/main/webapp/}

2018-09-27 18:01:31
[INFO]-[Thread: main]-[org.eclipse.jetty.server.AbstractConnector.doStart()]: Started SelectChannelConnector@0.0.0.0:8082

2018-09-27 18:04:42
[INFO]-[Thread: main]-[org.eclipse.jetty.server.Server.doStart()]: jetty-8.1.8.v20121106

2018-09-27 18:04:42
[INFO]-[Thread: main]-[org.eclipse.jetty.webapp.StandardDescriptorProcessor.visitServlet()]: NO JSP Support for /, did not find org.apache.jasper.servlet.JspServlet

2018-09-27 18:04:42
[INFO]-[Thread: main]-[org.eclipse.jetty.server.handler.ContextHandler.callContextInitialized()]: started o.e.j.w.WebAppContext{/,file:/F:/项目/ht_fault_service/src/main/webapp/}

2018-09-27 18:04:42
[INFO]-[Thread: main]-[org.eclipse.jetty.server.handler.ContextHandler.callContextInitialized()]: started o.e.j.w.WebAppContext{/,file:/F:/项目/ht_fault_service/src/main/webapp/}

2018-09-27 18:04:58
[INFO]-[Thread: main]-[com.alibaba.druid.pool.DruidDataSource.init()]: {dataSource-1} inited

2018-09-27 18:04:58
[INFO]-[Thread: main]-[org.eclipse.jetty.server.AbstractConnector.doStart()]: Started SelectChannelConnector@0.0.0.0:8082

2018-09-27 18:32:14
[INFO]-[Thread: main]-[org.eclipse.jetty.server.Server.doStart()]: jetty-8.1.8.v20121106

2018-09-27 18:32:14
[INFO]-[Thread: main]-[org.eclipse.jetty.webapp.StandardDescriptorProcessor.visitServlet()]: NO JSP Support for /, did not find org.apache.jasper.servlet.JspServlet

2018-09-27 18:32:14
[INFO]-[Thread: main]-[org.eclipse.jetty.server.handler.ContextHandler.callContextInitialized()]: started o.e.j.w.WebAppContext{/,file:/F:/项目/ht_fault_service/src/main/webapp/}

2018-09-27 18:32:14
[INFO]-[Thread: main]-[org.eclipse.jetty.server.handler.ContextHandler.callContextInitialized()]: started o.e.j.w.WebAppContext{/,file:/F:/项目/ht_fault_service/src/main/webapp/}

2018-09-27 18:32:29
[INFO]-[Thread: main]-[com.alibaba.druid.pool.DruidDataSource.init()]: {dataSource-1} inited

2018-09-27 18:32:30
[INFO]-[Thread: main]-[org.eclipse.jetty.server.AbstractConnector.doStart()]: Started SelectChannelConnector@0.0.0.0:8082
