
2018-09-29 08:49:23
[INFO]-[Thread: main]-[org.eclipse.jetty.server.Server.doStart()]: jetty-8.1.8.v20121106

2018-09-29 08:49:23
[INFO]-[Thread: main]-[org.eclipse.jetty.webapp.StandardDescriptorProcessor.visitServlet()]: NO JSP Support for /, did not find org.apache.jasper.servlet.JspServlet

2018-09-29 08:49:23
[INFO]-[Thread: main]-[org.eclipse.jetty.server.handler.ContextHandler.callContextInitialized()]: started o.e.j.w.WebAppContext{/,file:/F:/项目/ht_fault_service/src/main/webapp/}

2018-09-29 08:49:23
[INFO]-[Thread: main]-[org.eclipse.jetty.server.handler.ContextHandler.callContextInitialized()]: started o.e.j.w.WebAppContext{/,file:/F:/项目/ht_fault_service/src/main/webapp/}

2018-09-29 08:49:47
[INFO]-[Thread: main]-[com.alibaba.druid.pool.DruidDataSource.init()]: {dataSource-1} inited

2018-09-29 08:49:48
[INFO]-[Thread: main]-[org.eclipse.jetty.server.AbstractConnector.doStart()]: Started SelectChannelConnector@0.0.0.0:8082

2018-09-29 11:26:43
[INFO]-[Thread: main]-[org.eclipse.jetty.server.Server.doStart()]: jetty-8.1.8.v20121106

2018-09-29 11:26:43
[INFO]-[Thread: main]-[org.eclipse.jetty.webapp.StandardDescriptorProcessor.visitServlet()]: NO JSP Support for /, did not find org.apache.jasper.servlet.JspServlet

2018-09-29 11:26:43
[INFO]-[Thread: main]-[org.eclipse.jetty.server.handler.ContextHandler.callContextInitialized()]: started o.e.j.w.WebAppContext{/,file:/F:/项目/ht_fault_service/src/main/webapp/}

2018-09-29 11:26:43
[INFO]-[Thread: main]-[org.eclipse.jetty.server.handler.ContextHandler.callContextInitialized()]: started o.e.j.w.WebAppContext{/,file:/F:/项目/ht_fault_service/src/main/webapp/}

2018-09-29 11:27:09
[INFO]-[Thread: main]-[com.alibaba.druid.pool.DruidDataSource.init()]: {dataSource-1} inited

2018-09-29 11:27:10
[INFO]-[Thread: main]-[org.eclipse.jetty.server.AbstractConnector.doStart()]: Started SelectChannelConnector@0.0.0.0:8082

2018-09-29 11:28:02
[ERROR]-[Thread: qtp306206744-20]-[com.jfinal.core.ActionHandler.handle()]: /oauth?ht_token=hta6f661304aa5167ae1314fab93417675&clientId=8e150599-6684-492f-87ee-442f936c5915
java.lang.RuntimeException: java.net.MalformedURLException: no protocol: 192.168.1.194:8081/ht_im_service/oauth?clientId=8e150599-6684-492f-87ee-442f936c5915&ht_token=hta6f661304aa5167ae1314fab93417675
	at com.jfinal.kit.HttpKit.get(HttpKit.java:136)
	at com.jfinal.kit.HttpKit.get(HttpKit.java:146)
	at com.ht.fault.index.IndexController.oauth(IndexController.java:81)
	at sun.reflect.NativeMethodAccessorImpl.invoke0(Native Method)
	at sun.reflect.NativeMethodAccessorImpl.invoke(NativeMethodAccessorImpl.java:62)
	at sun.reflect.DelegatingMethodAccessorImpl.invoke(DelegatingMethodAccessorImpl.java:43)
	at java.lang.reflect.Method.invoke(Method.java:498)
	at com.jfinal.aop.Invocation.invoke(Invocation.java:73)
	at com.jfinal.core.ActionHandler.handle(ActionHandler.java:74)
	at com.ht.fault.common.HtFaultServiceHandler.handle(HtFaultServiceHandler.java:23)
	at com.jfinal.core.JFinalFilter.doFilter(JFinalFilter.java:73)
	at org.eclipse.jetty.servlet.ServletHandler$CachedChain.doFilter(ServletHandler.java:1307)
	at org.eclipse.jetty.servlet.ServletHandler.doHandle(ServletHandler.java:453)
	at org.eclipse.jetty.server.handler.ScopedHandler.handle(ScopedHandler.java:137)
	at org.eclipse.jetty.security.SecurityHandler.handle(SecurityHandler.java:560)
	at org.eclipse.jetty.server.session.SessionHandler.doHandle(SessionHandler.java:231)
	at org.eclipse.jetty.server.handler.ContextHandler.doHandle(ContextHandler.java:1072)
	at org.eclipse.jetty.servlet.ServletHandler.doScope(ServletHandler.java:382)
	at org.eclipse.jetty.server.session.SessionHandler.doScope(SessionHandler.java:193)
	at org.eclipse.jetty.server.handler.ContextHandler.doScope(ContextHandler.java:1006)
	at org.eclipse.jetty.server.handler.ScopedHandler.handle(ScopedHandler.java:135)
	at org.eclipse.jetty.server.handler.HandlerWrapper.handle(HandlerWrapper.java:116)
	at org.eclipse.jetty.server.Server.handle(Server.java:365)
	at org.eclipse.jetty.server.AbstractHttpConnection.handleRequest(AbstractHttpConnection.java:485)
	at org.eclipse.jetty.server.AbstractHttpConnection.headerComplete(AbstractHttpConnection.java:926)
	at org.eclipse.jetty.server.AbstractHttpConnection$RequestHandler.headerComplete(AbstractHttpConnection.java:988)
	at org.eclipse.jetty.http.HttpParser.parseNext(HttpParser.java:635)
	at org.eclipse.jetty.http.HttpParser.parseAvailable(HttpParser.java:235)
	at org.eclipse.jetty.server.AsyncHttpConnection.handle(AsyncHttpConnection.java:82)
	at org.eclipse.jetty.io.nio.SelectChannelEndPoint.handle(SelectChannelEndPoint.java:628)
	at org.eclipse.jetty.io.nio.SelectChannelEndPoint$1.run(SelectChannelEndPoint.java:52)
	at org.eclipse.jetty.util.thread.QueuedThreadPool.runJob(QueuedThreadPool.java:608)
	at org.eclipse.jetty.util.thread.QueuedThreadPool$3.run(QueuedThreadPool.java:543)
	at java.lang.Thread.run(Thread.java:748)
Caused by: java.net.MalformedURLException: no protocol: 192.168.1.194:8081/ht_im_service/oauth?clientId=8e150599-6684-492f-87ee-442f936c5915&ht_token=hta6f661304aa5167ae1314fab93417675
	at java.net.URL.<init>(URL.java:593)
	at java.net.URL.<init>(URL.java:490)
	at java.net.URL.<init>(URL.java:439)
	at com.jfinal.kit.HttpKit.getHttpConnection(HttpKit.java:99)
	at com.jfinal.kit.HttpKit.get(HttpKit.java:131)
	... 33 more

2018-09-29 11:28:48
[ERROR]-[Thread: qtp306206744-24]-[com.jfinal.core.ActionHandler.handle()]: /oauth?ht_token=hta6f661304aa5167ae1314fab93417675&clientId=8e150599-6684-492f-87ee-442f936c5915
java.lang.RuntimeException: javax.net.ssl.SSLException: Unrecognized SSL message, plaintext connection?
	at com.jfinal.kit.HttpKit.get(HttpKit.java:136)
	at com.jfinal.kit.HttpKit.get(HttpKit.java:146)
	at com.ht.fault.index.IndexController.oauth(IndexController.java:81)
	at sun.reflect.NativeMethodAccessorImpl.invoke0(Native Method)
	at sun.reflect.NativeMethodAccessorImpl.invoke(NativeMethodAccessorImpl.java:62)
	at sun.reflect.DelegatingMethodAccessorImpl.invoke(DelegatingMethodAccessorImpl.java:43)
	at java.lang.reflect.Method.invoke(Method.java:498)
	at com.jfinal.aop.Invocation.invoke(Invocation.java:73)
	at com.jfinal.core.ActionHandler.handle(ActionHandler.java:74)
	at com.ht.fault.common.HtFaultServiceHandler.handle(HtFaultServiceHandler.java:23)
	at com.jfinal.core.JFinalFilter.doFilter(JFinalFilter.java:73)
	at org.eclipse.jetty.servlet.ServletHandler$CachedChain.doFilter(ServletHandler.java:1307)
	at org.eclipse.jetty.servlet.ServletHandler.doHandle(ServletHandler.java:453)
	at org.eclipse.jetty.server.handler.ScopedHandler.handle(ScopedHandler.java:137)
	at org.eclipse.jetty.security.SecurityHandler.handle(SecurityHandler.java:560)
	at org.eclipse.jetty.server.session.SessionHandler.doHandle(SessionHandler.java:231)
	at org.eclipse.jetty.server.handler.ContextHandler.doHandle(ContextHandler.java:1072)
	at org.eclipse.jetty.servlet.ServletHandler.doScope(ServletHandler.java:382)
	at org.eclipse.jetty.server.session.SessionHandler.doScope(SessionHandler.java:193)
	at org.eclipse.jetty.server.handler.ContextHandler.doScope(ContextHandler.java:1006)
	at org.eclipse.jetty.server.handler.ScopedHandler.handle(ScopedHandler.java:135)
	at org.eclipse.jetty.server.handler.HandlerWrapper.handle(HandlerWrapper.java:116)
	at org.eclipse.jetty.server.Server.handle(Server.java:365)
	at org.eclipse.jetty.server.AbstractHttpConnection.handleRequest(AbstractHttpConnection.java:485)
	at org.eclipse.jetty.server.AbstractHttpConnection.headerComplete(AbstractHttpConnection.java:926)
	at org.eclipse.jetty.server.AbstractHttpConnection$RequestHandler.headerComplete(AbstractHttpConnection.java:988)
	at org.eclipse.jetty.http.HttpParser.parseNext(HttpParser.java:635)
	at org.eclipse.jetty.http.HttpParser.parseAvailable(HttpParser.java:235)
	at org.eclipse.jetty.server.AsyncHttpConnection.handle(AsyncHttpConnection.java:82)
	at org.eclipse.jetty.io.nio.SelectChannelEndPoint.handle(SelectChannelEndPoint.java:628)
	at org.eclipse.jetty.io.nio.SelectChannelEndPoint$1.run(SelectChannelEndPoint.java:52)
	at org.eclipse.jetty.util.thread.QueuedThreadPool.runJob(QueuedThreadPool.java:608)
	at org.eclipse.jetty.util.thread.QueuedThreadPool$3.run(QueuedThreadPool.java:543)
	at java.lang.Thread.run(Thread.java:748)
Caused by: javax.net.ssl.SSLException: Unrecognized SSL message, plaintext connection?
	at sun.security.ssl.InputRecord.handleUnknownRecord(InputRecord.java:710)
	at sun.security.ssl.InputRecord.read(InputRecord.java:527)
	at sun.security.ssl.SSLSocketImpl.readRecord(SSLSocketImpl.java:973)
	at sun.security.ssl.SSLSocketImpl.performInitialHandshake(SSLSocketImpl.java:1375)
	at sun.security.ssl.SSLSocketImpl.startHandshake(SSLSocketImpl.java:1403)
	at sun.security.ssl.SSLSocketImpl.startHandshake(SSLSocketImpl.java:1387)
	at sun.net.www.protocol.https.HttpsClient.afterConnect(HttpsClient.java:559)
	at sun.net.www.protocol.https.AbstractDelegateHttpsURLConnection.connect(AbstractDelegateHttpsURLConnection.java:185)
	at sun.net.www.protocol.https.HttpsURLConnectionImpl.connect(HttpsURLConnectionImpl.java:153)
	at com.jfinal.kit.HttpKit.get(HttpKit.java:132)
	... 33 more

2018-09-29 16:34:21
[INFO]-[Thread: main]-[org.eclipse.jetty.server.Server.doStart()]: jetty-8.1.8.v20121106

2018-09-29 16:34:22
[INFO]-[Thread: main]-[org.eclipse.jetty.webapp.StandardDescriptorProcessor.visitServlet()]: NO JSP Support for /, did not find org.apache.jasper.servlet.JspServlet

2018-09-29 16:34:22
[INFO]-[Thread: main]-[org.eclipse.jetty.server.handler.ContextHandler.callContextInitialized()]: started o.e.j.w.WebAppContext{/,file:/F:/项目/ht_fault_service/src/main/webapp/}

2018-09-29 16:34:22
[INFO]-[Thread: main]-[org.eclipse.jetty.server.handler.ContextHandler.callContextInitialized()]: started o.e.j.w.WebAppContext{/,file:/F:/项目/ht_fault_service/src/main/webapp/}

2018-09-29 16:34:22
[WARN]-[Thread: main]-[net.sf.ehcache.DiskStorePathManager.resolveAndLockIfNeeded()]: diskStorePath 'C:\Users\ADMINI~1\AppData\Local\Temp' is already used by an existing CacheManager either in the same VM or in a different process.
The diskStore path for this CacheManager will be set to C:\Users\ADMINI~1\AppData\Local\Temp\ehcache_auto_created2011101269419003635diskstore.
To avoid this warning consider using the CacheManager factory methods to create a singleton CacheManager or specifying a separate ehcache configuration (ehcache.xml) for each CacheManager instance.

2018-09-29 16:34:22
[WARN]-[Thread: main]-[net.sf.ehcache.store.disk.DiskStorageFactory.<init>()]: Data in persistent disk stores is ignored for stores from automatically created directories.
Remove diskPersistent or resolve the conflicting disk paths in cache configuration.
Deleting data file C:\Users\ADMINI~1\AppData\Local\Temp\ehcache_auto_created2011101269419003635diskstore\user%0049d_token.data

2018-09-29 16:34:22
[WARN]-[Thread: main]-[net.sf.ehcache.store.disk.DiskStorageFactory.<init>()]: Data in persistent disk stores is ignored for stores from automatically created directories.
Remove diskPersistent or resolve the conflicting disk paths in cache configuration.
Deleting data file C:\Users\ADMINI~1\AppData\Local\Temp\ehcache_auto_created2011101269419003635diskstore\token_time.data

2018-09-29 16:34:22
[WARN]-[Thread: main]-[net.sf.ehcache.store.disk.DiskStorageFactory.<init>()]: Data in persistent disk stores is ignored for stores from automatically created directories.
Remove diskPersistent or resolve the conflicting disk paths in cache configuration.
Deleting data file C:\Users\ADMINI~1\AppData\Local\Temp\ehcache_auto_created2011101269419003635diskstore\token_user%0049d.data

2018-09-29 16:34:58
[INFO]-[Thread: main]-[com.alibaba.druid.pool.DruidDataSource.init()]: {dataSource-1} inited

2018-09-29 16:34:58
[INFO]-[Thread: main]-[org.eclipse.jetty.server.AbstractConnector.doStart()]: Started SelectChannelConnector@0.0.0.0:8082

2018-09-29 16:35:17
[INFO]-[Thread: main]-[com.jfinal.kit.LogKit.info()]: save：userID:1    token：a

2018-09-29 16:37:27
[INFO]-[Thread: main]-[org.eclipse.jetty.server.Server.doStart()]: jetty-8.1.8.v20121106

2018-09-29 16:37:27
[INFO]-[Thread: main]-[org.eclipse.jetty.webapp.StandardDescriptorProcessor.visitServlet()]: NO JSP Support for /, did not find org.apache.jasper.servlet.JspServlet

2018-09-29 16:37:27
[INFO]-[Thread: main]-[org.eclipse.jetty.server.handler.ContextHandler.callContextInitialized()]: started o.e.j.w.WebAppContext{/,file:/F:/项目/ht_fault_service/src/main/webapp/}

2018-09-29 16:37:27
[INFO]-[Thread: main]-[org.eclipse.jetty.server.handler.ContextHandler.callContextInitialized()]: started o.e.j.w.WebAppContext{/,file:/F:/项目/ht_fault_service/src/main/webapp/}

2018-09-29 16:37:27
[WARN]-[Thread: main]-[net.sf.ehcache.DiskStorePathManager.resolveAndLockIfNeeded()]: diskStorePath 'C:\Users\ADMINI~1\AppData\Local\Temp' is already used by an existing CacheManager either in the same VM or in a different process.
The diskStore path for this CacheManager will be set to C:\Users\ADMINI~1\AppData\Local\Temp\ehcache_auto_created2583150333031644760diskstore.
To avoid this warning consider using the CacheManager factory methods to create a singleton CacheManager or specifying a separate ehcache configuration (ehcache.xml) for each CacheManager instance.

2018-09-29 16:37:27
[WARN]-[Thread: main]-[net.sf.ehcache.store.disk.DiskStorageFactory.<init>()]: Data in persistent disk stores is ignored for stores from automatically created directories.
Remove diskPersistent or resolve the conflicting disk paths in cache configuration.
Deleting data file C:\Users\ADMINI~1\AppData\Local\Temp\ehcache_auto_created2583150333031644760diskstore\user%0049d_token.data

2018-09-29 16:37:27
[WARN]-[Thread: main]-[net.sf.ehcache.store.disk.DiskStorageFactory.<init>()]: Data in persistent disk stores is ignored for stores from automatically created directories.
Remove diskPersistent or resolve the conflicting disk paths in cache configuration.
Deleting data file C:\Users\ADMINI~1\AppData\Local\Temp\ehcache_auto_created2583150333031644760diskstore\token_user%0049d.data

2018-09-29 16:37:27
[WARN]-[Thread: main]-[net.sf.ehcache.store.disk.DiskStorageFactory.<init>()]: Data in persistent disk stores is ignored for stores from automatically created directories.
Remove diskPersistent or resolve the conflicting disk paths in cache configuration.
Deleting data file C:\Users\ADMINI~1\AppData\Local\Temp\ehcache_auto_created2583150333031644760diskstore\token_time.data

2018-09-29 16:37:55
[INFO]-[Thread: main]-[com.alibaba.druid.pool.DruidDataSource.init()]: {dataSource-1} inited

2018-09-29 16:37:56
[INFO]-[Thread: main]-[org.eclipse.jetty.server.AbstractConnector.doStart()]: Started SelectChannelConnector@0.0.0.0:8082

2018-09-29 16:38:35
[INFO]-[Thread: qtp306206744-26]-[com.jfinal.kit.LogKit.info()]: save：userID:1    token：a

2018-09-29 16:38:54
[INFO]-[Thread: qtp306206744-26]-[com.jfinal.kit.LogKit.info()]: save：userID:2    token：a

2018-09-29 16:41:34
[INFO]-[Thread: qtp306206744-27]-[com.jfinal.kit.LogKit.info()]: save：userID:1    token：a

2018-09-29 16:41:36
[INFO]-[Thread: qtp306206744-27]-[com.jfinal.kit.LogKit.info()]: save：userID:2    token：a

2018-09-29 16:42:01
[ERROR]-[Thread: qtp306206744-28]-[com.jfinal.core.ActionHandler.handle()]: /oauth?clientId=8e150599-6684-492f-87ee-442f936c5915&ht_token=hta325924eb73b1ea40873b6706437ad23
java.lang.RuntimeException: java.lang.RuntimeException: java.net.SocketTimeoutException: Read timed out
	at com.jfinal.kit.HttpKit.get(HttpKit.java:136)
	at com.jfinal.kit.HttpKit.get(HttpKit.java:146)
	at com.ht.fault.index.IndexController.oauth(IndexController.java:82)
	at sun.reflect.NativeMethodAccessorImpl.invoke0(Native Method)
	at sun.reflect.NativeMethodAccessorImpl.invoke(NativeMethodAccessorImpl.java:62)
	at sun.reflect.DelegatingMethodAccessorImpl.invoke(DelegatingMethodAccessorImpl.java:43)
	at java.lang.reflect.Method.invoke(Method.java:498)
	at com.jfinal.aop.Invocation.invoke(Invocation.java:73)
	at com.jfinal.core.ActionHandler.handle(ActionHandler.java:74)
	at com.ht.fault.common.HtFaultServiceHandler.handle(HtFaultServiceHandler.java:23)
	at com.jfinal.core.JFinalFilter.doFilter(JFinalFilter.java:73)
	at org.eclipse.jetty.servlet.ServletHandler$CachedChain.doFilter(ServletHandler.java:1307)
	at org.eclipse.jetty.servlet.ServletHandler.doHandle(ServletHandler.java:453)
	at org.eclipse.jetty.server.handler.ScopedHandler.handle(ScopedHandler.java:137)
	at org.eclipse.jetty.security.SecurityHandler.handle(SecurityHandler.java:560)
	at org.eclipse.jetty.server.session.SessionHandler.doHandle(SessionHandler.java:231)
	at org.eclipse.jetty.server.handler.ContextHandler.doHandle(ContextHandler.java:1072)
	at org.eclipse.jetty.servlet.ServletHandler.doScope(ServletHandler.java:382)
	at org.eclipse.jetty.server.session.SessionHandler.doScope(SessionHandler.java:193)
	at org.eclipse.jetty.server.handler.ContextHandler.doScope(ContextHandler.java:1006)
	at org.eclipse.jetty.server.handler.ScopedHandler.handle(ScopedHandler.java:135)
	at org.eclipse.jetty.server.handler.HandlerWrapper.handle(HandlerWrapper.java:116)
	at org.eclipse.jetty.server.Server.handle(Server.java:365)
	at org.eclipse.jetty.server.AbstractHttpConnection.handleRequest(AbstractHttpConnection.java:485)
	at org.eclipse.jetty.server.AbstractHttpConnection.headerComplete(AbstractHttpConnection.java:926)
	at org.eclipse.jetty.server.AbstractHttpConnection$RequestHandler.headerComplete(AbstractHttpConnection.java:988)
	at org.eclipse.jetty.http.HttpParser.parseNext(HttpParser.java:635)
	at org.eclipse.jetty.http.HttpParser.parseAvailable(HttpParser.java:235)
	at org.eclipse.jetty.server.AsyncHttpConnection.handle(AsyncHttpConnection.java:82)
	at org.eclipse.jetty.io.nio.SelectChannelEndPoint.handle(SelectChannelEndPoint.java:628)
	at org.eclipse.jetty.io.nio.SelectChannelEndPoint$1.run(SelectChannelEndPoint.java:52)
	at org.eclipse.jetty.util.thread.QueuedThreadPool.runJob(QueuedThreadPool.java:608)
	at org.eclipse.jetty.util.thread.QueuedThreadPool$3.run(QueuedThreadPool.java:543)
	at java.lang.Thread.run(Thread.java:748)
Caused by: java.lang.RuntimeException: java.net.SocketTimeoutException: Read timed out
	at com.jfinal.kit.HttpKit.readResponseString(HttpKit.java:212)
	at com.jfinal.kit.HttpKit.get(HttpKit.java:133)
	... 33 more
Caused by: java.net.SocketTimeoutException: Read timed out
	at java.net.SocketInputStream.socketRead0(Native Method)
	at java.net.SocketInputStream.socketRead(SocketInputStream.java:116)
	at java.net.SocketInputStream.read(SocketInputStream.java:171)
	at java.net.SocketInputStream.read(SocketInputStream.java:141)
	at java.io.BufferedInputStream.fill(BufferedInputStream.java:246)
	at java.io.BufferedInputStream.read1(BufferedInputStream.java:286)
	at java.io.BufferedInputStream.read(BufferedInputStream.java:345)
	at sun.net.www.http.HttpClient.parseHTTPHeader(HttpClient.java:735)
	at sun.net.www.http.HttpClient.parseHTTP(HttpClient.java:678)
	at sun.net.www.protocol.http.HttpURLConnection.getInputStream0(HttpURLConnection.java:1569)
	at sun.net.www.protocol.http.HttpURLConnection.getInputStream(HttpURLConnection.java:1474)
	at com.jfinal.kit.HttpKit.readResponseString(HttpKit.java:197)
	... 34 more
