
2018-08-29 09:24:08
[INFO]-[Thread: main]-[org.eclipse.jetty.server.Server.doStart()]: jetty-8.1.8.v20121106

2018-08-29 09:24:08
[INFO]-[Thread: main]-[org.eclipse.jetty.webapp.StandardDescriptorProcessor.visitServlet()]: NO JSP Support for /, did not find org.apache.jasper.servlet.JspServlet

2018-08-29 09:24:08
[INFO]-[Thread: main]-[org.eclipse.jetty.server.handler.ContextHandler.callContextInitialized()]: started o.e.j.w.WebAppContext{/,file:/F:/项目/ht_nfs_service/src/main/webapp/}

2018-08-29 09:24:08
[INFO]-[Thread: main]-[org.eclipse.jetty.server.handler.ContextHandler.callContextInitialized()]: started o.e.j.w.WebAppContext{/,file:/F:/项目/ht_nfs_service/src/main/webapp/}

2018-08-29 09:24:08
[INFO]-[Thread: main]-[com.alibaba.druid.pool.DruidDataSource.init()]: {dataSource-1} inited

2018-08-29 09:24:08
[WARN]-[Thread: main]-[org.eclipse.jetty.util.component.AbstractLifeCycle.setFailed()]: FAILED jfinal: java.lang.NoClassDefFoundError: org/apache/commons/pool2/impl/GenericObjectPoolConfig
java.lang.NoClassDefFoundError: org/apache/commons/pool2/impl/GenericObjectPoolConfig
	at com.ht.nfs.common.HtNfsServiceConfig.afterJFinalStart(HtNfsServiceConfig.java:136)
	at com.jfinal.core.JFinalFilter.init(JFinalFilter.java:56)
	at org.eclipse.jetty.servlet.FilterHolder.doStart(FilterHolder.java:119)
	at org.eclipse.jetty.util.component.AbstractLifeCycle.start(AbstractLifeCycle.java:64)
	at org.eclipse.jetty.servlet.ServletHandler.initialize(ServletHandler.java:724)
	at org.eclipse.jetty.servlet.ServletContextHandler.startContext(ServletContextHandler.java:265)
	at org.eclipse.jetty.webapp.WebAppContext.startContext(WebAppContext.java:1250)
	at org.eclipse.jetty.server.handler.ContextHandler.doStart(ContextHandler.java:706)
	at org.eclipse.jetty.webapp.WebAppContext.doStart(WebAppContext.java:492)
	at org.eclipse.jetty.util.component.AbstractLifeCycle.start(AbstractLifeCycle.java:64)
	at org.eclipse.jetty.server.handler.HandlerWrapper.doStart(HandlerWrapper.java:95)
	at org.eclipse.jetty.server.Server.doStart(Server.java:277)
	at org.eclipse.jetty.util.component.AbstractLifeCycle.start(AbstractLifeCycle.java:64)
	at com.jfinal.server.JettyServerForIDEA.doStart(JettyServerForIDEA.java:133)
	at com.jfinal.server.JettyServerForIDEA.start(JettyServerForIDEA.java:72)
	at com.jfinal.core.JFinal.start(JFinal.java:169)
	at com.ht.nfs.common.HtNfsServiceConfig.main(HtNfsServiceConfig.java:38)
Caused by: java.lang.ClassNotFoundException: org.apache.commons.pool2.impl.GenericObjectPoolConfig
	at java.net.URLClassLoader.findClass(URLClassLoader.java:381)
	at java.lang.ClassLoader.loadClass(ClassLoader.java:424)
	at sun.misc.Launcher$AppClassLoader.loadClass(Launcher.java:335)
	at java.lang.ClassLoader.loadClass(ClassLoader.java:357)
	... 17 more

2018-08-29 09:24:08
[WARN]-[Thread: main]-[org.eclipse.jetty.util.component.AbstractLifeCycle.setFailed()]: FAILED o.e.j.w.WebAppContext{/,file:/F:/项目/ht_nfs_service/src/main/webapp/}: java.lang.NoClassDefFoundError: org/apache/commons/pool2/impl/GenericObjectPoolConfig
java.lang.NoClassDefFoundError: org/apache/commons/pool2/impl/GenericObjectPoolConfig
	at com.ht.nfs.common.HtNfsServiceConfig.afterJFinalStart(HtNfsServiceConfig.java:136)
	at com.jfinal.core.JFinalFilter.init(JFinalFilter.java:56)
	at org.eclipse.jetty.servlet.FilterHolder.doStart(FilterHolder.java:119)
	at org.eclipse.jetty.util.component.AbstractLifeCycle.start(AbstractLifeCycle.java:64)
	at org.eclipse.jetty.servlet.ServletHandler.initialize(ServletHandler.java:724)
	at org.eclipse.jetty.servlet.ServletContextHandler.startContext(ServletContextHandler.java:265)
	at org.eclipse.jetty.webapp.WebAppContext.startContext(WebAppContext.java:1250)
	at org.eclipse.jetty.server.handler.ContextHandler.doStart(ContextHandler.java:706)
	at org.eclipse.jetty.webapp.WebAppContext.doStart(WebAppContext.java:492)
	at org.eclipse.jetty.util.component.AbstractLifeCycle.start(AbstractLifeCycle.java:64)
	at org.eclipse.jetty.server.handler.HandlerWrapper.doStart(HandlerWrapper.java:95)
	at org.eclipse.jetty.server.Server.doStart(Server.java:277)
	at org.eclipse.jetty.util.component.AbstractLifeCycle.start(AbstractLifeCycle.java:64)
	at com.jfinal.server.JettyServerForIDEA.doStart(JettyServerForIDEA.java:133)
	at com.jfinal.server.JettyServerForIDEA.start(JettyServerForIDEA.java:72)
	at com.jfinal.core.JFinal.start(JFinal.java:169)
	at com.ht.nfs.common.HtNfsServiceConfig.main(HtNfsServiceConfig.java:38)
Caused by: java.lang.ClassNotFoundException: org.apache.commons.pool2.impl.GenericObjectPoolConfig
	at java.net.URLClassLoader.findClass(URLClassLoader.java:381)
	at java.lang.ClassLoader.loadClass(ClassLoader.java:424)
	at sun.misc.Launcher$AppClassLoader.loadClass(Launcher.java:335)
	at java.lang.ClassLoader.loadClass(ClassLoader.java:357)
	... 17 more

2018-08-29 09:24:08
[WARN]-[Thread: main]-[org.eclipse.jetty.util.component.AbstractLifeCycle.setFailed()]: FAILED org.eclipse.jetty.server.Server@44c73c26: java.lang.NoClassDefFoundError: org/apache/commons/pool2/impl/GenericObjectPoolConfig
java.lang.NoClassDefFoundError: org/apache/commons/pool2/impl/GenericObjectPoolConfig
	at com.ht.nfs.common.HtNfsServiceConfig.afterJFinalStart(HtNfsServiceConfig.java:136)
	at com.jfinal.core.JFinalFilter.init(JFinalFilter.java:56)
	at org.eclipse.jetty.servlet.FilterHolder.doStart(FilterHolder.java:119)
	at org.eclipse.jetty.util.component.AbstractLifeCycle.start(AbstractLifeCycle.java:64)
	at org.eclipse.jetty.servlet.ServletHandler.initialize(ServletHandler.java:724)
	at org.eclipse.jetty.servlet.ServletContextHandler.startContext(ServletContextHandler.java:265)
	at org.eclipse.jetty.webapp.WebAppContext.startContext(WebAppContext.java:1250)
	at org.eclipse.jetty.server.handler.ContextHandler.doStart(ContextHandler.java:706)
	at org.eclipse.jetty.webapp.WebAppContext.doStart(WebAppContext.java:492)
	at org.eclipse.jetty.util.component.AbstractLifeCycle.start(AbstractLifeCycle.java:64)
	at org.eclipse.jetty.server.handler.HandlerWrapper.doStart(HandlerWrapper.java:95)
	at org.eclipse.jetty.server.Server.doStart(Server.java:277)
	at org.eclipse.jetty.util.component.AbstractLifeCycle.start(AbstractLifeCycle.java:64)
	at com.jfinal.server.JettyServerForIDEA.doStart(JettyServerForIDEA.java:133)
	at com.jfinal.server.JettyServerForIDEA.start(JettyServerForIDEA.java:72)
	at com.jfinal.core.JFinal.start(JFinal.java:169)
	at com.ht.nfs.common.HtNfsServiceConfig.main(HtNfsServiceConfig.java:38)
Caused by: java.lang.ClassNotFoundException: org.apache.commons.pool2.impl.GenericObjectPoolConfig
	at java.net.URLClassLoader.findClass(URLClassLoader.java:381)
	at java.lang.ClassLoader.loadClass(ClassLoader.java:424)
	at sun.misc.Launcher$AppClassLoader.loadClass(Launcher.java:335)
	at java.lang.ClassLoader.loadClass(ClassLoader.java:357)
	... 17 more

2018-08-29 09:26:25
[INFO]-[Thread: main]-[org.eclipse.jetty.server.Server.doStart()]: jetty-8.1.8.v20121106

2018-08-29 09:26:25
[INFO]-[Thread: main]-[org.eclipse.jetty.webapp.StandardDescriptorProcessor.visitServlet()]: NO JSP Support for /, did not find org.apache.jasper.servlet.JspServlet

2018-08-29 09:26:25
[INFO]-[Thread: main]-[org.eclipse.jetty.server.handler.ContextHandler.callContextInitialized()]: started o.e.j.w.WebAppContext{/,file:/F:/项目/ht_nfs_service/src/main/webapp/}

2018-08-29 09:26:25
[INFO]-[Thread: main]-[org.eclipse.jetty.server.handler.ContextHandler.callContextInitialized()]: started o.e.j.w.WebAppContext{/,file:/F:/项目/ht_nfs_service/src/main/webapp/}

2018-08-29 09:26:25
[INFO]-[Thread: main]-[com.alibaba.druid.pool.DruidDataSource.init()]: {dataSource-1} inited

2018-08-29 09:26:25
[INFO]-[Thread: main]-[org.eclipse.jetty.server.AbstractConnector.doStart()]: Started SelectChannelConnector@0.0.0.0:8100

2018-08-29 09:28:41
[INFO]-[Thread: main]-[org.eclipse.jetty.server.Server.doStart()]: jetty-8.1.8.v20121106

2018-08-29 09:28:42
[INFO]-[Thread: main]-[org.eclipse.jetty.webapp.StandardDescriptorProcessor.visitServlet()]: NO JSP Support for /, did not find org.apache.jasper.servlet.JspServlet

2018-08-29 09:28:42
[INFO]-[Thread: main]-[org.eclipse.jetty.server.handler.ContextHandler.callContextInitialized()]: started o.e.j.w.WebAppContext{/,file:/F:/项目/ht_nfs_service/src/main/webapp/}

2018-08-29 09:28:42
[INFO]-[Thread: main]-[org.eclipse.jetty.server.handler.ContextHandler.callContextInitialized()]: started o.e.j.w.WebAppContext{/,file:/F:/项目/ht_nfs_service/src/main/webapp/}

2018-08-29 09:28:42
[INFO]-[Thread: main]-[com.alibaba.druid.pool.DruidDataSource.init()]: {dataSource-1} inited

2018-08-29 09:28:42
[INFO]-[Thread: main]-[org.eclipse.jetty.server.AbstractConnector.doStart()]: Started SelectChannelConnector@0.0.0.0:8100

2018-08-29 09:29:00
[WARN]-[Thread: qtp306206744-19]-[org.eclipse.jetty.http.HttpGenerator.addContent()]: Ignoring extra content {}

2018-08-29 09:29:12
[INFO]-[Thread: qtp306206744-22]-[com.xxl.sso.core.util.JedisUtil.getInstance()]: >>>>>>>>>>> xxl-sso, JedisUtil.ShardedJedisPool init success.

2018-08-29 09:30:43
[WARN]-[Thread: qtp306206744-20]-[org.eclipse.jetty.http.HttpGenerator.addContent()]: Ignoring extra content {}

2018-08-29 09:31:22
[WARN]-[Thread: qtp306206744-19]-[org.eclipse.jetty.http.HttpGenerator.addContent()]: Ignoring extra content {}

2018-08-29 09:32:43
[INFO]-[Thread: qtp306206744-24]-[com.jfinal.kit.LogKit.info()]: (0:0:0:0:0:0:0:1)/manage/refresh -- 返回数据:{"msg":"请求成功","code":200,"data":{}}

2018-08-29 09:32:55
[INFO]-[Thread: qtp306206744-23]-[com.jfinal.kit.LogKit.info()]: (0:0:0:0:0:0:0:1)/manage/refresh -- 返回数据:{"msg":"请求成功","code":200,"data":{}}

2018-08-29 09:33:00
[INFO]-[Thread: qtp306206744-24]-[com.jfinal.kit.LogKit.info()]: (0:0:0:0:0:0:0:1)/manage/refresh -- 返回数据:{"msg":"请求成功","code":200,"data":{}}

2018-08-29 09:33:03
[INFO]-[Thread: qtp306206744-20]-[com.jfinal.kit.LogKit.info()]: (0:0:0:0:0:0:0:1)/manage/refresh -- 返回数据:{"msg":"请求成功","code":200,"data":{}}

2018-08-29 09:33:25
[INFO]-[Thread: qtp306206744-20]-[com.jfinal.kit.LogKit.info()]: (0:0:0:0:0:0:0:1)/manage/app -- 返回数据:{"msg":"请求成功","code":200,"data":{}}

2018-08-29 09:34:14
[INFO]-[Thread: qtp306206744-23]-[com.jfinal.kit.LogKit.info()]: (0:0:0:0:0:0:0:1)/manage/app -- 返回数据:{"msg":"请求成功","code":200,"data":{}}

2018-08-29 09:38:23
[INFO]-[Thread: qtp306206744-23]-[com.jfinal.kit.LogKit.info()]: (0:0:0:0:0:0:0:1)/manage/updateApp -- 返回数据:{"msg":"请求成功","code":200,"data":{}}

2018-08-29 09:38:47
[INFO]-[Thread: qtp306206744-21]-[com.jfinal.kit.LogKit.info()]: (0:0:0:0:0:0:0:1)/manage/app -- 返回数据:{"msg":"请求成功","code":200,"data":{}}

2018-08-29 09:38:59
[INFO]-[Thread: qtp306206744-24]-[com.jfinal.kit.LogKit.info()]: (0:0:0:0:0:0:0:1)/manage/appDel -- 返回数据:{"msg":"请求成功","code":200,"data":{}}

2018-08-29 09:39:41
[INFO]-[Thread: qtp306206744-20]-[com.jfinal.kit.LogKit.info()]: (0:0:0:0:0:0:0:1)/manage/app -- 返回数据:{"msg":"请求成功","code":200,"data":{}}

2018-08-29 09:39:54
[INFO]-[Thread: qtp306206744-19]-[com.jfinal.kit.LogKit.info()]: (0:0:0:0:0:0:0:1)/manage/appDel -- 返回数据:{"msg":"请求成功","code":200,"data":{}}

2018-08-29 09:40:03
[INFO]-[Thread: qtp306206744-23]-[com.jfinal.kit.LogKit.info()]: (0:0:0:0:0:0:0:1)/manage/appDel -- 返回数据:{"msg":"请求成功","code":200,"data":{}}

2018-08-29 09:40:05
[INFO]-[Thread: qtp306206744-21]-[com.jfinal.kit.LogKit.info()]: (0:0:0:0:0:0:0:1)/manage/appDel -- 返回数据:{"msg":"请求成功","code":200,"data":{}}

2018-08-29 09:40:08
[INFO]-[Thread: qtp306206744-21]-[com.jfinal.kit.LogKit.info()]: (0:0:0:0:0:0:0:1)/manage/appDel -- 返回数据:{"msg":"请求成功","code":200,"data":{}}

2018-08-29 09:40:10
[INFO]-[Thread: qtp306206744-20]-[com.jfinal.kit.LogKit.info()]: (0:0:0:0:0:0:0:1)/manage/appDel -- 返回数据:{"msg":"请求成功","code":200,"data":{}}

2018-08-29 09:40:19
[INFO]-[Thread: qtp306206744-22]-[com.jfinal.kit.LogKit.info()]: (0:0:0:0:0:0:0:1)/manage/app -- 返回数据:{"msg":"请求成功","code":200,"data":{}}

2018-08-29 09:45:24
[INFO]-[Thread: main]-[org.eclipse.jetty.server.Server.doStart()]: jetty-8.1.8.v20121106

2018-08-29 09:45:25
[INFO]-[Thread: main]-[org.eclipse.jetty.webapp.StandardDescriptorProcessor.visitServlet()]: NO JSP Support for /, did not find org.apache.jasper.servlet.JspServlet

2018-08-29 09:45:25
[INFO]-[Thread: main]-[org.eclipse.jetty.server.handler.ContextHandler.callContextInitialized()]: started o.e.j.w.WebAppContext{/,file:/F:/项目/ht_nfs_service/src/main/webapp/}

2018-08-29 09:45:25
[INFO]-[Thread: main]-[org.eclipse.jetty.server.handler.ContextHandler.callContextInitialized()]: started o.e.j.w.WebAppContext{/,file:/F:/项目/ht_nfs_service/src/main/webapp/}

2018-08-29 09:45:25
[INFO]-[Thread: main]-[com.alibaba.druid.pool.DruidDataSource.init()]: {dataSource-1} inited

2018-08-29 09:45:25
[INFO]-[Thread: main]-[org.eclipse.jetty.server.AbstractConnector.doStart()]: Started SelectChannelConnector@0.0.0.0:8100

2018-08-29 09:46:12
[WARN]-[Thread: qtp306206744-23]-[org.eclipse.jetty.http.HttpGenerator.addContent()]: Ignoring extra content {}

2018-08-29 09:46:19
[WARN]-[Thread: qtp306206744-19]-[org.eclipse.jetty.http.HttpGenerator.addContent()]: Ignoring extra content {}

2018-08-29 09:46:30
[WARN]-[Thread: qtp306206744-19]-[org.eclipse.jetty.http.HttpGenerator.addContent()]: Ignoring extra content {}

2018-08-29 09:46:50
[WARN]-[Thread: qtp306206744-24]-[org.eclipse.jetty.http.HttpGenerator.addContent()]: Ignoring extra content {}

2018-08-29 09:47:21
[WARN]-[Thread: qtp306206744-19]-[org.eclipse.jetty.http.HttpGenerator.addContent()]: Ignoring extra content {}

2018-08-29 09:47:50
[WARN]-[Thread: qtp306206744-22]-[org.eclipse.jetty.http.HttpGenerator.addContent()]: Ignoring extra content {}

2018-08-29 09:47:53
[WARN]-[Thread: qtp306206744-20]-[org.eclipse.jetty.http.HttpGenerator.addContent()]: Ignoring extra content {}

2018-08-29 09:48:07
[WARN]-[Thread: qtp306206744-23]-[org.eclipse.jetty.http.HttpGenerator.addContent()]: Ignoring extra content {}

2018-08-29 09:49:18
[WARN]-[Thread: qtp306206744-20]-[org.eclipse.jetty.http.HttpGenerator.addContent()]: Ignoring extra content {}

2018-08-29 09:49:23
[WARN]-[Thread: qtp306206744-24]-[org.eclipse.jetty.http.HttpGenerator.addContent()]: Ignoring extra content {}

2018-08-29 09:53:01
[WARN]-[Thread: qtp306206744-23]-[org.eclipse.jetty.http.HttpGenerator.addContent()]: Ignoring extra content {}

2018-08-29 09:54:08
[WARN]-[Thread: qtp306206744-24]-[org.eclipse.jetty.http.HttpGenerator.addContent()]: Ignoring extra content {}

2018-08-29 09:56:23
[WARN]-[Thread: qtp306206744-23]-[org.eclipse.jetty.http.HttpGenerator.addContent()]: Ignoring extra content {}

2018-08-29 09:57:03
[INFO]-[Thread: qtp306206744-24]-[com.xxl.sso.core.util.JedisUtil.getInstance()]: >>>>>>>>>>> xxl-sso, JedisUtil.ShardedJedisPool init success.

2018-08-29 09:58:05
[INFO]-[Thread: qtp306206744-20]-[com.jfinal.kit.LogKit.info()]: (0:0:0:0:0:0:0:1)/manage/app -- 返回数据:{"msg":"请求成功","code":200,"data":{}}

2018-08-29 09:58:49
[INFO]-[Thread: main]-[org.eclipse.jetty.server.Server.doStart()]: jetty-8.1.8.v20121106

2018-08-29 09:58:49
[INFO]-[Thread: main]-[org.eclipse.jetty.webapp.StandardDescriptorProcessor.visitServlet()]: NO JSP Support for /, did not find org.apache.jasper.servlet.JspServlet

2018-08-29 09:58:49
[INFO]-[Thread: main]-[org.eclipse.jetty.server.handler.ContextHandler.callContextInitialized()]: started o.e.j.w.WebAppContext{/,file:/F:/项目/ht_nfs_service/src/main/webapp/}

2018-08-29 09:58:49
[INFO]-[Thread: main]-[org.eclipse.jetty.server.handler.ContextHandler.callContextInitialized()]: started o.e.j.w.WebAppContext{/,file:/F:/项目/ht_nfs_service/src/main/webapp/}

2018-08-29 09:58:49
[INFO]-[Thread: main]-[com.alibaba.druid.pool.DruidDataSource.init()]: {dataSource-1} inited

2018-08-29 09:58:49
[INFO]-[Thread: main]-[org.eclipse.jetty.server.AbstractConnector.doStart()]: Started SelectChannelConnector@0.0.0.0:8100

2018-08-29 09:59:43
[WARN]-[Thread: qtp306206744-21]-[org.eclipse.jetty.http.HttpGenerator.addContent()]: Ignoring extra content {}

2018-08-29 10:00:47
[WARN]-[Thread: qtp306206744-22]-[org.eclipse.jetty.http.HttpGenerator.addContent()]: Ignoring extra content {}

2018-08-29 10:01:35
[WARN]-[Thread: qtp306206744-23]-[org.eclipse.jetty.http.HttpGenerator.addContent()]: Ignoring extra content {}

2018-08-29 10:02:33
[WARN]-[Thread: qtp306206744-24]-[org.eclipse.jetty.http.HttpGenerator.addContent()]: Ignoring extra content {}

2018-08-29 10:03:13
[WARN]-[Thread: qtp306206744-20]-[org.eclipse.jetty.http.HttpGenerator.addContent()]: Ignoring extra content {}

2018-08-29 10:05:34
[WARN]-[Thread: qtp306206744-19]-[org.eclipse.jetty.http.HttpGenerator.addContent()]: Ignoring extra content {}

2018-08-29 10:06:02
[WARN]-[Thread: qtp306206744-19]-[org.eclipse.jetty.http.HttpGenerator.addContent()]: Ignoring extra content {}

2018-08-29 10:08:03
[WARN]-[Thread: qtp306206744-22]-[org.eclipse.jetty.http.HttpGenerator.addContent()]: Ignoring extra content {}

2018-08-29 10:08:45
[INFO]-[Thread: qtp306206744-21]-[com.xxl.sso.core.util.JedisUtil.getInstance()]: >>>>>>>>>>> xxl-sso, JedisUtil.ShardedJedisPool init success.

2018-08-29 10:10:08
[INFO]-[Thread: main]-[org.eclipse.jetty.server.Server.doStart()]: jetty-8.1.8.v20121106

2018-08-29 10:10:08
[INFO]-[Thread: main]-[org.eclipse.jetty.webapp.StandardDescriptorProcessor.visitServlet()]: NO JSP Support for /, did not find org.apache.jasper.servlet.JspServlet

2018-08-29 10:10:08
[INFO]-[Thread: main]-[org.eclipse.jetty.server.handler.ContextHandler.callContextInitialized()]: started o.e.j.w.WebAppContext{/,file:/F:/项目/ht_nfs_service/src/main/webapp/}

2018-08-29 10:10:08
[INFO]-[Thread: main]-[org.eclipse.jetty.server.handler.ContextHandler.callContextInitialized()]: started o.e.j.w.WebAppContext{/,file:/F:/项目/ht_nfs_service/src/main/webapp/}

2018-08-29 10:10:09
[INFO]-[Thread: main]-[com.alibaba.druid.pool.DruidDataSource.init()]: {dataSource-1} inited

2018-08-29 10:10:09
[INFO]-[Thread: main]-[org.eclipse.jetty.server.AbstractConnector.doStart()]: Started SelectChannelConnector@0.0.0.0:8100

2018-08-29 10:10:59
[INFO]-[Thread: qtp306206744-24]-[com.xxl.sso.core.util.JedisUtil.getInstance()]: >>>>>>>>>>> xxl-sso, JedisUtil.ShardedJedisPool init success.

2018-08-29 10:10:59
[WARN]-[Thread: qtp306206744-24]-[org.eclipse.jetty.http.HttpGenerator.addContent()]: Ignoring extra content {}

2018-08-29 10:12:01
[WARN]-[Thread: qtp306206744-23]-[org.eclipse.jetty.http.HttpGenerator.addContent()]: Ignoring extra content {}

2018-08-29 10:12:06
[WARN]-[Thread: qtp306206744-24]-[org.eclipse.jetty.http.HttpGenerator.addContent()]: Ignoring extra content {}

2018-08-29 10:12:32
[WARN]-[Thread: qtp306206744-23]-[org.eclipse.jetty.http.HttpGenerator.addContent()]: Ignoring extra content {}

2018-08-29 10:12:33
[WARN]-[Thread: qtp306206744-21]-[org.eclipse.jetty.http.HttpGenerator.addContent()]: Ignoring extra content {}

2018-08-29 10:12:34
[WARN]-[Thread: qtp306206744-19]-[org.eclipse.jetty.http.HttpGenerator.addContent()]: Ignoring extra content {}

2018-08-29 10:12:43
[WARN]-[Thread: qtp306206744-19]-[org.eclipse.jetty.http.HttpGenerator.addContent()]: Ignoring extra content {}

2018-08-29 10:12:44
[WARN]-[Thread: qtp306206744-22]-[org.eclipse.jetty.http.HttpGenerator.addContent()]: Ignoring extra content {}

2018-08-29 10:16:11
[WARN]-[Thread: qtp306206744-21]-[org.eclipse.jetty.http.HttpGenerator.addContent()]: Ignoring extra content {}

2018-08-29 10:17:22
[INFO]-[Thread: main]-[org.eclipse.jetty.server.Server.doStart()]: jetty-8.1.8.v20121106

2018-08-29 10:17:22
[INFO]-[Thread: main]-[org.eclipse.jetty.webapp.StandardDescriptorProcessor.visitServlet()]: NO JSP Support for /, did not find org.apache.jasper.servlet.JspServlet

2018-08-29 10:17:22
[INFO]-[Thread: main]-[org.eclipse.jetty.server.handler.ContextHandler.callContextInitialized()]: started o.e.j.w.WebAppContext{/,file:/F:/项目/ht_nfs_service/src/main/webapp/}

2018-08-29 10:17:22
[INFO]-[Thread: main]-[org.eclipse.jetty.server.handler.ContextHandler.callContextInitialized()]: started o.e.j.w.WebAppContext{/,file:/F:/项目/ht_nfs_service/src/main/webapp/}

2018-08-29 10:17:23
[INFO]-[Thread: main]-[com.alibaba.druid.pool.DruidDataSource.init()]: {dataSource-1} inited

2018-08-29 10:17:23
[INFO]-[Thread: main]-[org.eclipse.jetty.server.AbstractConnector.doStart()]: Started SelectChannelConnector@0.0.0.0:8100

2018-08-29 10:17:37
[WARN]-[Thread: qtp306206744-24]-[org.eclipse.jetty.http.HttpGenerator.addContent()]: Ignoring extra content {}

2018-08-29 10:17:50
[INFO]-[Thread: qtp306206744-19]-[com.xxl.sso.core.util.JedisUtil.getInstance()]: >>>>>>>>>>> xxl-sso, JedisUtil.ShardedJedisPool init success.

2018-08-29 10:18:16
[WARN]-[Thread: qtp306206744-20]-[org.eclipse.jetty.http.HttpGenerator.addContent()]: Ignoring extra content {}

2018-08-29 10:19:33
[INFO]-[Thread: main]-[org.eclipse.jetty.server.Server.doStart()]: jetty-8.1.8.v20121106

2018-08-29 10:19:33
[INFO]-[Thread: main]-[org.eclipse.jetty.webapp.StandardDescriptorProcessor.visitServlet()]: NO JSP Support for /, did not find org.apache.jasper.servlet.JspServlet

2018-08-29 10:19:33
[INFO]-[Thread: main]-[org.eclipse.jetty.server.handler.ContextHandler.callContextInitialized()]: started o.e.j.w.WebAppContext{/,file:/F:/项目/ht_nfs_service/src/main/webapp/}

2018-08-29 10:19:33
[INFO]-[Thread: main]-[org.eclipse.jetty.server.handler.ContextHandler.callContextInitialized()]: started o.e.j.w.WebAppContext{/,file:/F:/项目/ht_nfs_service/src/main/webapp/}

2018-08-29 10:19:33
[INFO]-[Thread: main]-[com.alibaba.druid.pool.DruidDataSource.init()]: {dataSource-1} inited

2018-08-29 10:19:34
[INFO]-[Thread: main]-[org.eclipse.jetty.server.AbstractConnector.doStart()]: Started SelectChannelConnector@0.0.0.0:8100

2018-08-29 10:20:10
[WARN]-[Thread: qtp306206744-21]-[org.eclipse.jetty.http.HttpGenerator.addContent()]: Ignoring extra content {}

2018-08-29 10:20:10
[INFO]-[Thread: qtp306206744-23]-[com.xxl.sso.core.util.JedisUtil.getInstance()]: >>>>>>>>>>> xxl-sso, JedisUtil.ShardedJedisPool init success.

2018-08-29 11:18:07
[INFO]-[Thread: main]-[org.eclipse.jetty.server.Server.doStart()]: jetty-8.1.8.v20121106

2018-08-29 11:18:07
[INFO]-[Thread: main]-[org.eclipse.jetty.webapp.StandardDescriptorProcessor.visitServlet()]: NO JSP Support for /, did not find org.apache.jasper.servlet.JspServlet

2018-08-29 11:18:07
[INFO]-[Thread: main]-[org.eclipse.jetty.server.handler.ContextHandler.callContextInitialized()]: started o.e.j.w.WebAppContext{/,file:/F:/项目/ht_nfs_service/src/main/webapp/}

2018-08-29 11:18:07
[INFO]-[Thread: main]-[org.eclipse.jetty.server.handler.ContextHandler.callContextInitialized()]: started o.e.j.w.WebAppContext{/,file:/F:/项目/ht_nfs_service/src/main/webapp/}

2018-08-29 11:18:07
[INFO]-[Thread: main]-[com.alibaba.druid.pool.DruidDataSource.init()]: {dataSource-1} inited

2018-08-29 11:18:07
[INFO]-[Thread: main]-[org.eclipse.jetty.server.AbstractConnector.doStart()]: Started SelectChannelConnector@0.0.0.0:8100

2018-08-29 11:19:41
[WARN]-[Thread: qtp306206744-24]-[org.eclipse.jetty.http.HttpGenerator.addContent()]: Ignoring extra content {}

2018-08-29 11:19:41
[INFO]-[Thread: qtp306206744-19]-[com.xxl.sso.core.util.JedisUtil.getInstance()]: >>>>>>>>>>> xxl-sso, JedisUtil.ShardedJedisPool init success.

2018-08-29 11:20:50
[INFO]-[Thread: qtp306206744-20]-[com.jfinal.kit.LogKit.info()]: (0:0:0:0:0:0:0:1)/manage/app -- 返回数据:{"msg":"请求成功","code":200,"data":{}}

2018-08-29 11:21:02
[INFO]-[Thread: qtp306206744-21]-[com.jfinal.kit.LogKit.info()]: (0:0:0:0:0:0:0:1)/manage/refresh -- 返回数据:{"msg":"请求成功","code":200,"data":{}}

2018-08-29 11:22:12
[INFO]-[Thread: qtp306206744-24]-[com.jfinal.kit.LogKit.info()]: (0:0:0:0:0:0:0:1)/manage/updateApp -- 返回数据:{"msg":"请求成功","code":200,"data":{}}

2018-08-29 11:22:35
[INFO]-[Thread: qtp306206744-22]-[com.jfinal.kit.LogKit.info()]: (0:0:0:0:0:0:0:1)/manage/app -- 返回数据:{"msg":"请求成功","code":200,"data":{}}

2018-08-29 11:22:49
[INFO]-[Thread: qtp306206744-23]-[com.jfinal.kit.LogKit.info()]: (0:0:0:0:0:0:0:1)/manage/appBucketDel -- 返回数据:{"msg":"请求成功","code":200,"data":{}}

2018-08-29 11:25:55
[INFO]-[Thread: qtp306206744-20]-[com.jfinal.kit.LogKit.info()]: (0:0:0:0:0:0:0:1)/manage/appDel -- 返回数据:{"msg":"请求成功","code":200,"data":{}}

2018-08-29 11:29:31
[INFO]-[Thread: qtp306206744-23]-[com.jfinal.kit.LogKit.info()]: (0:0:0:0:0:0:0:1)/manage/app -- 返回数据:{"msg":"请求成功","code":200,"data":{}}

2018-08-29 11:29:46
[INFO]-[Thread: qtp306206744-19]-[com.jfinal.kit.LogKit.info()]: (0:0:0:0:0:0:0:1)/manage/updateApp -- 返回数据:{"msg":"请求成功","code":200,"data":{}}

2018-08-29 11:29:54
[INFO]-[Thread: qtp306206744-20]-[com.jfinal.kit.LogKit.info()]: (0:0:0:0:0:0:0:1)/manage/appDel -- 返回数据:{"msg":"请求成功","code":200,"data":{}}

2018-08-29 11:30:11
[INFO]-[Thread: qtp306206744-24]-[com.jfinal.kit.LogKit.info()]: (0:0:0:0:0:0:0:1)/manage/appBucketDel -- 返回数据:{"msg":"请求成功","code":200,"data":{}}

2018-08-29 11:30:36
[INFO]-[Thread: qtp306206744-19]-[com.jfinal.kit.LogKit.info()]: (0:0:0:0:0:0:0:1)/manage/appDel -- 返回数据:{"msg":"请求成功","code":200,"data":{}}

2018-08-29 11:30:57
[INFO]-[Thread: qtp306206744-20]-[com.jfinal.kit.LogKit.info()]: (0:0:0:0:0:0:0:1)/manage/updateApp -- 返回数据:{"msg":"请求成功","code":200,"data":{}}

2018-08-29 11:31:02
[INFO]-[Thread: qtp306206744-19]-[com.jfinal.kit.LogKit.info()]: (0:0:0:0:0:0:0:1)/manage/appBucketDel -- 返回数据:{"msg":"请求成功","code":200,"data":{}}

2018-08-29 11:31:10
[INFO]-[Thread: qtp306206744-23]-[com.jfinal.kit.LogKit.info()]: (0:0:0:0:0:0:0:1)/manage/refresh -- 返回数据:{"msg":"请求成功","code":200,"data":{}}

2018-08-29 11:34:32
[WARN]-[Thread: qtp306206744-22]-[org.eclipse.jetty.http.HttpGenerator.addContent()]: Ignoring extra content {}

2018-08-29 11:59:59
[WARN]-[Thread: qtp306206744-20]-[org.eclipse.jetty.http.HttpGenerator.addContent()]: Ignoring extra content {}

2018-08-29 12:00:14
[INFO]-[Thread: qtp306206744-21]-[com.jfinal.kit.LogKit.info()]: (0:0:0:0:0:0:0:1)/manage/app -- 返回数据:{"msg":"请求成功","code":200,"data":{}}

2018-08-29 12:00:16
[INFO]-[Thread: qtp306206744-22]-[com.jfinal.kit.LogKit.info()]: (0:0:0:0:0:0:0:1)/manage/refresh -- 返回数据:{"msg":"请求成功","code":200,"data":{}}

2018-08-29 12:00:20
[INFO]-[Thread: qtp306206744-23]-[com.jfinal.kit.LogKit.info()]: (0:0:0:0:0:0:0:1)/manage/appDel -- 返回数据:{"msg":"请求成功","code":200,"data":{}}

2018-08-29 14:42:06
[WARN]-[Thread: qtp306206744-21]-[org.eclipse.jetty.http.HttpGenerator.addContent()]: Ignoring extra content {}

2018-08-29 17:08:15
[WARN]-[Thread: qtp306206744-22]-[org.eclipse.jetty.http.HttpGenerator.addContent()]: Ignoring extra content {}

2018-08-29 17:09:17
[WARN]-[Thread: qtp306206744-23]-[org.eclipse.jetty.http.HttpGenerator.addContent()]: Ignoring extra content {}

2018-08-29 17:31:40
[WARN]-[Thread: qtp306206744-22]-[org.eclipse.jetty.http.HttpGenerator.addContent()]: Ignoring extra content {}
